===============================
  ASFireWire – Quiet Build
===============================
[INFO] Bumping version…
[OK] Version bumped
[INFO] Configuring tests (cmake) in ./build/tests_build...
[INFO] Building tests...
[INFO] Running tests (verbose output)...
UpdateCTestConfiguration  from :/Users/mrmidi/DEV/FirWireDriver/ASFW/build/tests_build/DartConfiguration.tcl
Test project /Users/mrmidi/DEV/FirWireDriver/ASFW/build/tests_build
Constructing a list of tests
Done constructing a list of tests
Updating test list for fixtures
Added 0 tests to meet fixture requirements
Checking test dependency graph...
Checking test dependency graph end
test 1
        Start   1: CompletionRefactorPlan.AckCompleteWriteCompletesOnAT

1: Test command: /Users/mrmidi/DEV/FirWireDriver/ASFW/build/tests_build/CompletionRefactorPlanTests "--gtest_filter=CompletionRefactorPlan.AckCompleteWriteCompletesOnAT" "--gtest_also_run_disabled_tests"
1: Working Directory: /Users/mrmidi/DEV/FirWireDriver/ASFW/build/tests_build
1: Test timeout computed to be: 10000000
1: Running main() from /private/tmp/googletest-20250808-4780-aa0gxy/googletest-1.17.0/googletest/src/gtest_main.cc
1: Note: Google Test filter = CompletionRefactorPlan.AckCompleteWriteCompletesOnAT
1: [==========] Running 1 test from 1 test suite.
1: [----------] Global test environment set-up.
1: [----------] 1 test from CompletionRefactorPlan
1: [ RUN      ] CompletionRefactorPlan.AckCompleteWriteCompletesOnAT
1: [       OK ] CompletionRefactorPlan.AckCompleteWriteCompletesOnAT (0 ms)
1: [----------] 1 test from CompletionRefactorPlan (0 ms total)
1: 
1: [----------] Global test environment tear-down
1: [==========] 1 test from 1 test suite ran. (0 ms total)
1: [  PASSED  ] 1 test.
  1/122 Test   #1: CompletionRefactorPlan.AckCompleteWriteCompletesOnAT ............................   Passed    0.00 sec
test 2
        Start   2: CompletionRefactorPlan.AckPendingWriteWaitsForARThenCompletes

2: Test command: /Users/mrmidi/DEV/FirWireDriver/ASFW/build/tests_build/CompletionRefactorPlanTests "--gtest_filter=CompletionRefactorPlan.AckPendingWriteWaitsForARThenCompletes" "--gtest_also_run_disabled_tests"
2: Working Directory: /Users/mrmidi/DEV/FirWireDriver/ASFW/build/tests_build
2: Test timeout computed to be: 10000000
2: Running main() from /private/tmp/googletest-20250808-4780-aa0gxy/googletest-1.17.0/googletest/src/gtest_main.cc
2: Note: Google Test filter = CompletionRefactorPlan.AckPendingWriteWaitsForARThenCompletes
2: [==========] Running 1 test from 1 test suite.
2: [----------] Global test environment set-up.
2: [----------] 1 test from CompletionRefactorPlan
2: [ RUN      ] CompletionRefactorPlan.AckPendingWriteWaitsForARThenCompletes
2: [       OK ] CompletionRefactorPlan.AckPendingWriteWaitsForARThenCompletes (0 ms)
2: [----------] 1 test from CompletionRefactorPlan (0 ms total)
2: 
2: [----------] Global test environment tear-down
2: [==========] 1 test from 1 test suite ran. (0 ms total)
2: [  PASSED  ] 1 test.
  2/122 Test   #2: CompletionRefactorPlan.AckPendingWriteWaitsForARThenCompletes ...................   Passed    0.00 sec
test 3
        Start   3: CompletionRefactorPlan.ARArrivesBeforeAT_WinsRace

3: Test command: /Users/mrmidi/DEV/FirWireDriver/ASFW/build/tests_build/CompletionRefactorPlanTests "--gtest_filter=CompletionRefactorPlan.ARArrivesBeforeAT_WinsRace" "--gtest_also_run_disabled_tests"
3: Working Directory: /Users/mrmidi/DEV/FirWireDriver/ASFW/build/tests_build
3: Test timeout computed to be: 10000000
3: Running main() from /private/tmp/googletest-20250808-4780-aa0gxy/googletest-1.17.0/googletest/src/gtest_main.cc
3: Note: Google Test filter = CompletionRefactorPlan.ARArrivesBeforeAT_WinsRace
3: [==========] Running 1 test from 1 test suite.
3: [----------] Global test environment set-up.
3: [----------] 1 test from CompletionRefactorPlan
3: [ RUN      ] CompletionRefactorPlan.ARArrivesBeforeAT_WinsRace
3: [       OK ] CompletionRefactorPlan.ARArrivesBeforeAT_WinsRace (0 ms)
3: [----------] 1 test from CompletionRefactorPlan (0 ms total)
3: 
3: [----------] Global test environment tear-down
3: [==========] 1 test from 1 test suite ran. (0 ms total)
3: [  PASSED  ] 1 test.
  3/122 Test   #3: CompletionRefactorPlan.ARArrivesBeforeAT_WinsRace ...............................   Passed    0.00 sec
test 4
        Start   4: CompletionRefactorPlan.ReadRequiresAR_EvenIfAckComplete

4: Test command: /Users/mrmidi/DEV/FirWireDriver/ASFW/build/tests_build/CompletionRefactorPlanTests "--gtest_filter=CompletionRefactorPlan.ReadRequiresAR_EvenIfAckComplete" "--gtest_also_run_disabled_tests"
4: Working Directory: /Users/mrmidi/DEV/FirWireDriver/ASFW/build/tests_build
4: Test timeout computed to be: 10000000
4: Running main() from /private/tmp/googletest-20250808-4780-aa0gxy/googletest-1.17.0/googletest/src/gtest_main.cc
4: Note: Google Test filter = CompletionRefactorPlan.ReadRequiresAR_EvenIfAckComplete
4: [==========] Running 1 test from 1 test suite.
4: [----------] Global test environment set-up.
4: [----------] 1 test from CompletionRefactorPlan
4: [ RUN      ] CompletionRefactorPlan.ReadRequiresAR_EvenIfAckComplete
4: [       OK ] CompletionRefactorPlan.ReadRequiresAR_EvenIfAckComplete (0 ms)
4: [----------] 1 test from CompletionRefactorPlan (0 ms total)
4: 
4: [----------] Global test environment tear-down
4: [==========] 1 test from 1 test suite ran. (0 ms total)
4: [  PASSED  ] 1 test.
  4/122 Test   #4: CompletionRefactorPlan.ReadRequiresAR_EvenIfAckComplete .........................   Passed    0.00 sec
test 5
        Start   5: CompletionRefactorPlan.BusyAckExtendsDeadlineNoCompletion

5: Test command: /Users/mrmidi/DEV/FirWireDriver/ASFW/build/tests_build/CompletionRefactorPlanTests "--gtest_filter=CompletionRefactorPlan.BusyAckExtendsDeadlineNoCompletion" "--gtest_also_run_disabled_tests"
5: Working Directory: /Users/mrmidi/DEV/FirWireDriver/ASFW/build/tests_build
5: Test timeout computed to be: 10000000
5: Running main() from /private/tmp/googletest-20250808-4780-aa0gxy/googletest-1.17.0/googletest/src/gtest_main.cc
5: Note: Google Test filter = CompletionRefactorPlan.BusyAckExtendsDeadlineNoCompletion
5: [==========] Running 1 test from 1 test suite.
5: [----------] Global test environment set-up.
5: [----------] 1 test from CompletionRefactorPlan
5: [ RUN      ] CompletionRefactorPlan.BusyAckExtendsDeadlineNoCompletion
5: [       OK ] CompletionRefactorPlan.BusyAckExtendsDeadlineNoCompletion (0 ms)
5: [----------] 1 test from CompletionRefactorPlan (0 ms total)
5: 
5: [----------] Global test environment tear-down
5: [==========] 1 test from 1 test suite ran. (0 ms total)
5: [  PASSED  ] 1 test.
  5/122 Test   #5: CompletionRefactorPlan.BusyAckExtendsDeadlineNoCompletion .......................   Passed    0.00 sec
test 6
        Start   6: PacketFieldExtractionTest.ExtractSourceID_RealFCPResponse

6: Test command: /Users/mrmidi/DEV/FirWireDriver/ASFW/build/tests_build/PacketFieldExtractionTests "--gtest_filter=PacketFieldExtractionTest.ExtractSourceID_RealFCPResponse" "--gtest_also_run_disabled_tests"
6: Working Directory: /Users/mrmidi/DEV/FirWireDriver/ASFW/build/tests_build
6: Test timeout computed to be: 10000000
6: Running main() from /private/tmp/googletest-20250808-4780-aa0gxy/googletest-1.17.0/googletest/src/gtest_main.cc
6: Note: Google Test filter = PacketFieldExtractionTest.ExtractSourceID_RealFCPResponse
6: [==========] Running 1 test from 1 test suite.
6: [----------] Global test environment set-up.
6: [----------] 1 test from PacketFieldExtractionTest
6: [ RUN      ] PacketFieldExtractionTest.ExtractSourceID_RealFCPResponse
6: [       OK ] PacketFieldExtractionTest.ExtractSourceID_RealFCPResponse (0 ms)
6: [----------] 1 test from PacketFieldExtractionTest (0 ms total)
6: 
6: [----------] Global test environment tear-down
6: [==========] 1 test from 1 test suite ran. (0 ms total)
6: [  PASSED  ] 1 test.
  6/122 Test   #6: PacketFieldExtractionTest.ExtractSourceID_RealFCPResponse .......................   Passed    0.00 sec
test 7
        Start   7: PacketFieldExtractionTest.ExtractSourceID_VariousNodes

7: Test command: /Users/mrmidi/DEV/FirWireDriver/ASFW/build/tests_build/PacketFieldExtractionTests "--gtest_filter=PacketFieldExtractionTest.ExtractSourceID_VariousNodes" "--gtest_also_run_disabled_tests"
7: Working Directory: /Users/mrmidi/DEV/FirWireDriver/ASFW/build/tests_build
7: Test timeout computed to be: 10000000
7: Running main() from /private/tmp/googletest-20250808-4780-aa0gxy/googletest-1.17.0/googletest/src/gtest_main.cc
7: Note: Google Test filter = PacketFieldExtractionTest.ExtractSourceID_VariousNodes
7: [==========] Running 1 test from 1 test suite.
7: [----------] Global test environment set-up.
7: [----------] 1 test from PacketFieldExtractionTest
7: [ RUN      ] PacketFieldExtractionTest.ExtractSourceID_VariousNodes
7: [       OK ] PacketFieldExtractionTest.ExtractSourceID_VariousNodes (0 ms)
7: [----------] 1 test from PacketFieldExtractionTest (0 ms total)
7: 
7: [----------] Global test environment tear-down
7: [==========] 1 test from 1 test suite ran. (0 ms total)
7: [  PASSED  ] 1 test.
  7/122 Test   #7: PacketFieldExtractionTest.ExtractSourceID_VariousNodes ..........................   Passed    0.00 sec
test 8
        Start   8: PacketFieldExtractionTest.ExtractDestID_RealFCPResponse

8: Test command: /Users/mrmidi/DEV/FirWireDriver/ASFW/build/tests_build/PacketFieldExtractionTests "--gtest_filter=PacketFieldExtractionTest.ExtractDestID_RealFCPResponse" "--gtest_also_run_disabled_tests"
8: Working Directory: /Users/mrmidi/DEV/FirWireDriver/ASFW/build/tests_build
8: Test timeout computed to be: 10000000
8: Running main() from /private/tmp/googletest-20250808-4780-aa0gxy/googletest-1.17.0/googletest/src/gtest_main.cc
8: Note: Google Test filter = PacketFieldExtractionTest.ExtractDestID_RealFCPResponse
8: [==========] Running 1 test from 1 test suite.
8: [----------] Global test environment set-up.
8: [----------] 1 test from PacketFieldExtractionTest
8: [ RUN      ] PacketFieldExtractionTest.ExtractDestID_RealFCPResponse
8: [       OK ] PacketFieldExtractionTest.ExtractDestID_RealFCPResponse (0 ms)
8: [----------] 1 test from PacketFieldExtractionTest (0 ms total)
8: 
8: [----------] Global test environment tear-down
8: [==========] 1 test from 1 test suite ran. (0 ms total)
8: [  PASSED  ] 1 test.
  8/122 Test   #8: PacketFieldExtractionTest.ExtractDestID_RealFCPResponse .........................   Passed    0.00 sec
test 9
        Start   9: PacketFieldExtractionTest.ExtractDestID_VariousNodes

9: Test command: /Users/mrmidi/DEV/FirWireDriver/ASFW/build/tests_build/PacketFieldExtractionTests "--gtest_filter=PacketFieldExtractionTest.ExtractDestID_VariousNodes" "--gtest_also_run_disabled_tests"
9: Working Directory: /Users/mrmidi/DEV/FirWireDriver/ASFW/build/tests_build
9: Test timeout computed to be: 10000000
9: Running main() from /private/tmp/googletest-20250808-4780-aa0gxy/googletest-1.17.0/googletest/src/gtest_main.cc
9: Note: Google Test filter = PacketFieldExtractionTest.ExtractDestID_VariousNodes
9: [==========] Running 1 test from 1 test suite.
9: [----------] Global test environment set-up.
9: [----------] 1 test from PacketFieldExtractionTest
9: [ RUN      ] PacketFieldExtractionTest.ExtractDestID_VariousNodes
9: [       OK ] PacketFieldExtractionTest.ExtractDestID_VariousNodes (0 ms)
9: [----------] 1 test from PacketFieldExtractionTest (0 ms total)
9: 
9: [----------] Global test environment tear-down
9: [==========] 1 test from 1 test suite ran. (0 ms total)
9: [  PASSED  ] 1 test.
  9/122 Test   #9: PacketFieldExtractionTest.ExtractDestID_VariousNodes ............................   Passed    0.00 sec
test 10
        Start  10: PacketFieldExtractionTest.ExtractTCode_RealFCPResponse

10: Test command: /Users/mrmidi/DEV/FirWireDriver/ASFW/build/tests_build/PacketFieldExtractionTests "--gtest_filter=PacketFieldExtractionTest.ExtractTCode_RealFCPResponse" "--gtest_also_run_disabled_tests"
10: Working Directory: /Users/mrmidi/DEV/FirWireDriver/ASFW/build/tests_build
10: Test timeout computed to be: 10000000
10: Running main() from /private/tmp/googletest-20250808-4780-aa0gxy/googletest-1.17.0/googletest/src/gtest_main.cc
10: Note: Google Test filter = PacketFieldExtractionTest.ExtractTCode_RealFCPResponse
10: [==========] Running 1 test from 1 test suite.
10: [----------] Global test environment set-up.
10: [----------] 1 test from PacketFieldExtractionTest
10: [ RUN      ] PacketFieldExtractionTest.ExtractTCode_RealFCPResponse
10: [       OK ] PacketFieldExtractionTest.ExtractTCode_RealFCPResponse (0 ms)
10: [----------] 1 test from PacketFieldExtractionTest (0 ms total)
10: 
10: [----------] Global test environment tear-down
10: [==========] 1 test from 1 test suite ran. (0 ms total)
10: [  PASSED  ] 1 test.
 10/122 Test  #10: PacketFieldExtractionTest.ExtractTCode_RealFCPResponse ..........................   Passed    0.00 sec
test 11
        Start  11: PacketFieldExtractionTest.ExtractTCode_AllValidCodes

11: Test command: /Users/mrmidi/DEV/FirWireDriver/ASFW/build/tests_build/PacketFieldExtractionTests "--gtest_filter=PacketFieldExtractionTest.ExtractTCode_AllValidCodes" "--gtest_also_run_disabled_tests"
11: Working Directory: /Users/mrmidi/DEV/FirWireDriver/ASFW/build/tests_build
11: Test timeout computed to be: 10000000
11: Running main() from /private/tmp/googletest-20250808-4780-aa0gxy/googletest-1.17.0/googletest/src/gtest_main.cc
11: Note: Google Test filter = PacketFieldExtractionTest.ExtractTCode_AllValidCodes
11: [==========] Running 1 test from 1 test suite.
11: [----------] Global test environment set-up.
11: [----------] 1 test from PacketFieldExtractionTest
11: [ RUN      ] PacketFieldExtractionTest.ExtractTCode_AllValidCodes
11: [       OK ] PacketFieldExtractionTest.ExtractTCode_AllValidCodes (0 ms)
11: [----------] 1 test from PacketFieldExtractionTest (0 ms total)
11: 
11: [----------] Global test environment tear-down
11: [==========] 1 test from 1 test suite ran. (0 ms total)
11: [  PASSED  ] 1 test.
 11/122 Test  #11: PacketFieldExtractionTest.ExtractTCode_AllValidCodes ............................   Passed    0.00 sec
test 12
        Start  12: PacketFieldExtractionTest.RealPacket_AllFieldsCorrect

12: Test command: /Users/mrmidi/DEV/FirWireDriver/ASFW/build/tests_build/PacketFieldExtractionTests "--gtest_filter=PacketFieldExtractionTest.RealPacket_AllFieldsCorrect" "--gtest_also_run_disabled_tests"
12: Working Directory: /Users/mrmidi/DEV/FirWireDriver/ASFW/build/tests_build
12: Test timeout computed to be: 10000000
12: Running main() from /private/tmp/googletest-20250808-4780-aa0gxy/googletest-1.17.0/googletest/src/gtest_main.cc
12: Note: Google Test filter = PacketFieldExtractionTest.RealPacket_AllFieldsCorrect
12: [==========] Running 1 test from 1 test suite.
12: [----------] Global test environment set-up.
12: [----------] 1 test from PacketFieldExtractionTest
12: [ RUN      ] PacketFieldExtractionTest.RealPacket_AllFieldsCorrect
12: [       OK ] PacketFieldExtractionTest.RealPacket_AllFieldsCorrect (0 ms)
12: [----------] 1 test from PacketFieldExtractionTest (0 ms total)
12: 
12: [----------] Global test environment tear-down
12: [==========] 1 test from 1 test suite ran. (0 ms total)
12: [  PASSED  ] 1 test.
 12/122 Test  #12: PacketFieldExtractionTest.RealPacket_AllFieldsCorrect ...........................   Passed    0.00 sec
test 13
        Start  13: PacketFieldExtractionTest.SourceID_MatchesAVCDiscoveryKey

13: Test command: /Users/mrmidi/DEV/FirWireDriver/ASFW/build/tests_build/PacketFieldExtractionTests "--gtest_filter=PacketFieldExtractionTest.SourceID_MatchesAVCDiscoveryKey" "--gtest_also_run_disabled_tests"
13: Working Directory: /Users/mrmidi/DEV/FirWireDriver/ASFW/build/tests_build
13: Test timeout computed to be: 10000000
13: Running main() from /private/tmp/googletest-20250808-4780-aa0gxy/googletest-1.17.0/googletest/src/gtest_main.cc
13: Note: Google Test filter = PacketFieldExtractionTest.SourceID_MatchesAVCDiscoveryKey
13: [==========] Running 1 test from 1 test suite.
13: [----------] Global test environment set-up.
13: [----------] 1 test from PacketFieldExtractionTest
13: [ RUN      ] PacketFieldExtractionTest.SourceID_MatchesAVCDiscoveryKey
13: [       OK ] PacketFieldExtractionTest.SourceID_MatchesAVCDiscoveryKey (0 ms)
13: [----------] 1 test from PacketFieldExtractionTest (0 ms total)
13: 
13: [----------] Global test environment tear-down
13: [==========] 1 test from 1 test suite ran. (0 ms total)
13: [  PASSED  ] 1 test.
 13/122 Test  #13: PacketFieldExtractionTest.SourceID_MatchesAVCDiscoveryKey .......................   Passed    0.00 sec
test 14
        Start  14: PacketFieldExtractionTest.Regression_SourceID_NotByteSwapped

14: Test command: /Users/mrmidi/DEV/FirWireDriver/ASFW/build/tests_build/PacketFieldExtractionTests "--gtest_filter=PacketFieldExtractionTest.Regression_SourceID_NotByteSwapped" "--gtest_also_run_disabled_tests"
14: Working Directory: /Users/mrmidi/DEV/FirWireDriver/ASFW/build/tests_build
14: Test timeout computed to be: 10000000
14: Running main() from /private/tmp/googletest-20250808-4780-aa0gxy/googletest-1.17.0/googletest/src/gtest_main.cc
14: Note: Google Test filter = PacketFieldExtractionTest.Regression_SourceID_NotByteSwapped
14: [==========] Running 1 test from 1 test suite.
14: [----------] Global test environment set-up.
14: [----------] 1 test from PacketFieldExtractionTest
14: [ RUN      ] PacketFieldExtractionTest.Regression_SourceID_NotByteSwapped
14: [       OK ] PacketFieldExtractionTest.Regression_SourceID_NotByteSwapped (0 ms)
14: [----------] 1 test from PacketFieldExtractionTest (0 ms total)
14: 
14: [----------] Global test environment tear-down
14: [==========] 1 test from 1 test suite ran. (0 ms total)
14: [  PASSED  ] 1 test.
 14/122 Test  #14: PacketFieldExtractionTest.Regression_SourceID_NotByteSwapped ....................   Passed    0.00 sec
test 15
        Start  15: MusicSubunitIdentifierParserTests.ParseTooShort

15: Test command: /Users/mrmidi/DEV/FirWireDriver/ASFW/build/tests_build/MusicSubunitIdentifierParserTests "--gtest_filter=MusicSubunitIdentifierParserTests.ParseTooShort" "--gtest_also_run_disabled_tests"
15: Working Directory: /Users/mrmidi/DEV/FirWireDriver/ASFW/build/tests_build
15: Test timeout computed to be: 10000000
15: Running main() from /private/tmp/googletest-20250808-4780-aa0gxy/googletest-1.17.0/googletest/src/gtest_main.cc
15: Note: Google Test filter = MusicSubunitIdentifierParserTests.ParseTooShort
15: [==========] Running 1 test from 1 test suite.
15: [----------] Global test environment set-up.
15: [----------] 1 test from MusicSubunitIdentifierParserTests
15: [ RUN      ] MusicSubunitIdentifierParserTests.ParseTooShort
15: [       OK ] MusicSubunitIdentifierParserTests.ParseTooShort (0 ms)
15: [----------] 1 test from MusicSubunitIdentifierParserTests (0 ms total)
15: 
15: [----------] Global test environment tear-down
15: [==========] 1 test from 1 test suite ran. (0 ms total)
15: [  PASSED  ] 1 test.
 15/122 Test  #15: MusicSubunitIdentifierParserTests.ParseTooShort .................................   Passed    0.01 sec
test 16
        Start  16: MusicSubunitIdentifierParserTests.ParseBasicHeader

16: Test command: /Users/mrmidi/DEV/FirWireDriver/ASFW/build/tests_build/MusicSubunitIdentifierParserTests "--gtest_filter=MusicSubunitIdentifierParserTests.ParseBasicHeader" "--gtest_also_run_disabled_tests"
16: Working Directory: /Users/mrmidi/DEV/FirWireDriver/ASFW/build/tests_build
16: Test timeout computed to be: 10000000
16: Running main() from /private/tmp/googletest-20250808-4780-aa0gxy/googletest-1.17.0/googletest/src/gtest_main.cc
16: Note: Google Test filter = MusicSubunitIdentifierParserTests.ParseBasicHeader
16: [==========] Running 1 test from 1 test suite.
16: [----------] Global test environment set-up.
16: [----------] 1 test from MusicSubunitIdentifierParserTests
16: [ RUN      ] MusicSubunitIdentifierParserTests.ParseBasicHeader
16: [       OK ] MusicSubunitIdentifierParserTests.ParseBasicHeader (0 ms)
16: [----------] 1 test from MusicSubunitIdentifierParserTests (0 ms total)
16: 
16: [----------] Global test environment tear-down
16: [==========] 1 test from 1 test suite ran. (0 ms total)
16: [  PASSED  ] 1 test.
 16/122 Test  #16: MusicSubunitIdentifierParserTests.ParseBasicHeader ..............................   Passed    0.01 sec
test 17
        Start  17: MusicSubunitIdentifierParserTests.ParseGeneralCapability

17: Test command: /Users/mrmidi/DEV/FirWireDriver/ASFW/build/tests_build/MusicSubunitIdentifierParserTests "--gtest_filter=MusicSubunitIdentifierParserTests.ParseGeneralCapability" "--gtest_also_run_disabled_tests"
17: Working Directory: /Users/mrmidi/DEV/FirWireDriver/ASFW/build/tests_build
17: Test timeout computed to be: 10000000
17: Running main() from /private/tmp/googletest-20250808-4780-aa0gxy/googletest-1.17.0/googletest/src/gtest_main.cc
17: Note: Google Test filter = MusicSubunitIdentifierParserTests.ParseGeneralCapability
17: [==========] Running 1 test from 1 test suite.
17: [----------] Global test environment set-up.
17: [----------] 1 test from MusicSubunitIdentifierParserTests
17: [ RUN      ] MusicSubunitIdentifierParserTests.ParseGeneralCapability
17: [       OK ] MusicSubunitIdentifierParserTests.ParseGeneralCapability (0 ms)
17: [----------] 1 test from MusicSubunitIdentifierParserTests (0 ms total)
17: 
17: [----------] Global test environment tear-down
17: [==========] 1 test from 1 test suite ran. (0 ms total)
17: [  PASSED  ] 1 test.
 17/122 Test  #17: MusicSubunitIdentifierParserTests.ParseGeneralCapability ........................   Passed    0.01 sec
test 18
        Start  18: MusicSubunitIdentifierParserTests.ParseAudioCapability

18: Test command: /Users/mrmidi/DEV/FirWireDriver/ASFW/build/tests_build/MusicSubunitIdentifierParserTests "--gtest_filter=MusicSubunitIdentifierParserTests.ParseAudioCapability" "--gtest_also_run_disabled_tests"
18: Working Directory: /Users/mrmidi/DEV/FirWireDriver/ASFW/build/tests_build
18: Test timeout computed to be: 10000000
18: Running main() from /private/tmp/googletest-20250808-4780-aa0gxy/googletest-1.17.0/googletest/src/gtest_main.cc
18: Note: Google Test filter = MusicSubunitIdentifierParserTests.ParseAudioCapability
18: [==========] Running 1 test from 1 test suite.
18: [----------] Global test environment set-up.
18: [----------] 1 test from MusicSubunitIdentifierParserTests
18: [ RUN      ] MusicSubunitIdentifierParserTests.ParseAudioCapability
18: [       OK ] MusicSubunitIdentifierParserTests.ParseAudioCapability (0 ms)
18: [----------] 1 test from MusicSubunitIdentifierParserTests (0 ms total)
18: 
18: [----------] Global test environment tear-down
18: [==========] 1 test from 1 test suite ran. (0 ms total)
18: [  PASSED  ] 1 test.
 18/122 Test  #18: MusicSubunitIdentifierParserTests.ParseAudioCapability ..........................   Passed    0.01 sec
test 19
        Start  19: MusicSubunitIdentifierParserTests.ParseMidiCapability

19: Test command: /Users/mrmidi/DEV/FirWireDriver/ASFW/build/tests_build/MusicSubunitIdentifierParserTests "--gtest_filter=MusicSubunitIdentifierParserTests.ParseMidiCapability" "--gtest_also_run_disabled_tests"
19: Working Directory: /Users/mrmidi/DEV/FirWireDriver/ASFW/build/tests_build
19: Test timeout computed to be: 10000000
19: Running main() from /private/tmp/googletest-20250808-4780-aa0gxy/googletest-1.17.0/googletest/src/gtest_main.cc
19: Note: Google Test filter = MusicSubunitIdentifierParserTests.ParseMidiCapability
19: [==========] Running 1 test from 1 test suite.
19: [----------] Global test environment set-up.
19: [----------] 1 test from MusicSubunitIdentifierParserTests
19: [ RUN      ] MusicSubunitIdentifierParserTests.ParseMidiCapability
19: [       OK ] MusicSubunitIdentifierParserTests.ParseMidiCapability (0 ms)
19: [----------] 1 test from MusicSubunitIdentifierParserTests (0 ms total)
19: 
19: [----------] Global test environment tear-down
19: [==========] 1 test from 1 test suite ran. (0 ms total)
19: [  PASSED  ] 1 test.
 19/122 Test  #19: MusicSubunitIdentifierParserTests.ParseMidiCapability ...........................   Passed    0.01 sec
test 20
        Start  20: MusicSubunitIdentifierParserTests.ParseApogeeDescriptor

20: Test command: /Users/mrmidi/DEV/FirWireDriver/ASFW/build/tests_build/MusicSubunitIdentifierParserTests "--gtest_filter=MusicSubunitIdentifierParserTests.ParseApogeeDescriptor" "--gtest_also_run_disabled_tests"
20: Working Directory: /Users/mrmidi/DEV/FirWireDriver/ASFW/build/tests_build
20: Test timeout computed to be: 10000000
20: Running main() from /private/tmp/googletest-20250808-4780-aa0gxy/googletest-1.17.0/googletest/src/gtest_main.cc
20: Note: Google Test filter = MusicSubunitIdentifierParserTests.ParseApogeeDescriptor
20: [==========] Running 1 test from 1 test suite.
20: [----------] Global test environment set-up.
20: [----------] 1 test from MusicSubunitIdentifierParserTests
20: [ RUN      ] MusicSubunitIdentifierParserTests.ParseApogeeDescriptor
20: /Users/mrmidi/DEV/FirWireDriver/ASFW/tests/MusicSubunitIdentifierParserTests.cpp:212: Failure
20: Value of: GetCaps().hasAudioCapability
20:   Actual: false
20: Expected: true
20: 
20: /Users/mrmidi/DEV/FirWireDriver/ASFW/tests/MusicSubunitIdentifierParserTests.cpp:216: Failure
20: Expected: (GetCaps().maxAudioInputChannels.value_or(0)) >= (2), actual: 0 vs 2
20: 
20: /Users/mrmidi/DEV/FirWireDriver/ASFW/tests/MusicSubunitIdentifierParserTests.cpp:217: Failure
20: Expected: (GetCaps().maxAudioOutputChannels.value_or(0)) >= (2), actual: 0 vs 2
20: 
20: [  FAILED  ] MusicSubunitIdentifierParserTests.ParseApogeeDescriptor (0 ms)
20: [----------] 1 test from MusicSubunitIdentifierParserTests (0 ms total)
20: 
20: [----------] Global test environment tear-down
20: [==========] 1 test from 1 test suite ran. (0 ms total)
20: [  PASSED  ] 0 tests.
20: [  FAILED  ] 1 test, listed below:
20: [  FAILED  ] MusicSubunitIdentifierParserTests.ParseApogeeDescriptor
20: 
20:  1 FAILED TEST
 20/122 Test  #20: MusicSubunitIdentifierParserTests.ParseApogeeDescriptor .........................***Failed    0.01 sec
test 21
        Start  21: MusicSubunitIdentifierParserTests.ParseApogeeDescriptorWithPlugTypes

21: Test command: /Users/mrmidi/DEV/FirWireDriver/ASFW/build/tests_build/MusicSubunitIdentifierParserTests "--gtest_filter=MusicSubunitIdentifierParserTests.ParseApogeeDescriptorWithPlugTypes" "--gtest_also_run_disabled_tests"
21: Working Directory: /Users/mrmidi/DEV/FirWireDriver/ASFW/build/tests_build
21: Test timeout computed to be: 10000000
21: Running main() from /private/tmp/googletest-20250808-4780-aa0gxy/googletest-1.17.0/googletest/src/gtest_main.cc
21: Note: Google Test filter = MusicSubunitIdentifierParserTests.ParseApogeeDescriptorWithPlugTypes
21: [==========] Running 1 test from 1 test suite.
21: [----------] Global test environment set-up.
21: [----------] 1 test from MusicSubunitIdentifierParserTests
21: [ RUN      ] MusicSubunitIdentifierParserTests.ParseApogeeDescriptorWithPlugTypes
21: /Users/mrmidi/DEV/FirWireDriver/ASFW/tests/MusicSubunitIdentifierParserTests.cpp:236: Failure
21: Expected equality of these values:
21:   plugs.size()
21:     Which is: 0
21:   6
21: 
21: [  FAILED  ] MusicSubunitIdentifierParserTests.ParseApogeeDescriptorWithPlugTypes (0 ms)
21: [----------] 1 test from MusicSubunitIdentifierParserTests (0 ms total)
21: 
21: [----------] Global test environment tear-down
21: [==========] 1 test from 1 test suite ran. (0 ms total)
21: [  PASSED  ] 0 tests.
21: [  FAILED  ] 1 test, listed below:
21: [  FAILED  ] MusicSubunitIdentifierParserTests.ParseApogeeDescriptorWithPlugTypes
21: 
21:  1 FAILED TEST
 21/122 Test  #21: MusicSubunitIdentifierParserTests.ParseApogeeDescriptorWithPlugTypes ............***Failed    0.01 sec
test 22
        Start  22: AVCInfoBlockTests.ParseTooShort

22: Test command: /Users/mrmidi/DEV/FirWireDriver/ASFW/build/tests_build/AVCInfoBlockTests "--gtest_filter=AVCInfoBlockTests.ParseTooShort" "--gtest_also_run_disabled_tests"
22: Working Directory: /Users/mrmidi/DEV/FirWireDriver/ASFW/build/tests_build
22: Test timeout computed to be: 10000000
22: Running main() from /private/tmp/googletest-20250808-4780-aa0gxy/googletest-1.17.0/googletest/src/gtest_main.cc
22: Note: Google Test filter = AVCInfoBlockTests.ParseTooShort
22: [==========] Running 1 test from 1 test suite.
22: [----------] Global test environment set-up.
22: [----------] 1 test from AVCInfoBlockTests
22: [ RUN      ] AVCInfoBlockTests.ParseTooShort
22: [       OK ] AVCInfoBlockTests.ParseTooShort (0 ms)
22: [----------] 1 test from AVCInfoBlockTests (0 ms total)
22: 
22: [----------] Global test environment tear-down
22: [==========] 1 test from 1 test suite ran. (0 ms total)
22: [  PASSED  ] 1 test.
 22/122 Test  #22: AVCInfoBlockTests.ParseTooShort .................................................   Passed    0.01 sec
test 23
        Start  23: AVCInfoBlockTests.ParseMinimalBlock

23: Test command: /Users/mrmidi/DEV/FirWireDriver/ASFW/build/tests_build/AVCInfoBlockTests "--gtest_filter=AVCInfoBlockTests.ParseMinimalBlock" "--gtest_also_run_disabled_tests"
23: Working Directory: /Users/mrmidi/DEV/FirWireDriver/ASFW/build/tests_build
23: Test timeout computed to be: 10000000
23: Running main() from /private/tmp/googletest-20250808-4780-aa0gxy/googletest-1.17.0/googletest/src/gtest_main.cc
23: Note: Google Test filter = AVCInfoBlockTests.ParseMinimalBlock
23: [==========] Running 1 test from 1 test suite.
23: [----------] Global test environment set-up.
23: [----------] 1 test from AVCInfoBlockTests
23: [ RUN      ] AVCInfoBlockTests.ParseMinimalBlock
23: [       OK ] AVCInfoBlockTests.ParseMinimalBlock (0 ms)
23: [----------] 1 test from AVCInfoBlockTests (0 ms total)
23: 
23: [----------] Global test environment tear-down
23: [==========] 1 test from 1 test suite ran. (0 ms total)
23: [  PASSED  ] 1 test.
 23/122 Test  #23: AVCInfoBlockTests.ParseMinimalBlock .............................................   Passed    0.01 sec
test 24
        Start  24: AVCInfoBlockTests.ParseBlockWithPrimaryData

24: Test command: /Users/mrmidi/DEV/FirWireDriver/ASFW/build/tests_build/AVCInfoBlockTests "--gtest_filter=AVCInfoBlockTests.ParseBlockWithPrimaryData" "--gtest_also_run_disabled_tests"
24: Working Directory: /Users/mrmidi/DEV/FirWireDriver/ASFW/build/tests_build
24: Test timeout computed to be: 10000000
24: Running main() from /private/tmp/googletest-20250808-4780-aa0gxy/googletest-1.17.0/googletest/src/gtest_main.cc
24: Note: Google Test filter = AVCInfoBlockTests.ParseBlockWithPrimaryData
24: [==========] Running 1 test from 1 test suite.
24: [----------] Global test environment set-up.
24: [----------] 1 test from AVCInfoBlockTests
24: [ RUN      ] AVCInfoBlockTests.ParseBlockWithPrimaryData
24: [       OK ] AVCInfoBlockTests.ParseBlockWithPrimaryData (0 ms)
24: [----------] 1 test from AVCInfoBlockTests (0 ms total)
24: 
24: [----------] Global test environment tear-down
24: [==========] 1 test from 1 test suite ran. (0 ms total)
24: [  PASSED  ] 1 test.
 24/122 Test  #24: AVCInfoBlockTests.ParseBlockWithPrimaryData .....................................   Passed    0.00 sec
test 25
        Start  25: AVCInfoBlockTests.InvalidCompoundLength

25: Test command: /Users/mrmidi/DEV/FirWireDriver/ASFW/build/tests_build/AVCInfoBlockTests "--gtest_filter=AVCInfoBlockTests.InvalidCompoundLength" "--gtest_also_run_disabled_tests"
25: Working Directory: /Users/mrmidi/DEV/FirWireDriver/ASFW/build/tests_build
25: Test timeout computed to be: 10000000
25: Running main() from /private/tmp/googletest-20250808-4780-aa0gxy/googletest-1.17.0/googletest/src/gtest_main.cc
25: Note: Google Test filter = AVCInfoBlockTests.InvalidCompoundLength
25: [==========] Running 1 test from 1 test suite.
25: [----------] Global test environment set-up.
25: [----------] 1 test from AVCInfoBlockTests
25: [ RUN      ] AVCInfoBlockTests.InvalidCompoundLength
25: [       OK ] AVCInfoBlockTests.InvalidCompoundLength (0 ms)
25: [----------] 1 test from AVCInfoBlockTests (0 ms total)
25: 
25: [----------] Global test environment tear-down
25: [==========] 1 test from 1 test suite ran. (0 ms total)
25: [  PASSED  ] 1 test.
 25/122 Test  #25: AVCInfoBlockTests.InvalidCompoundLength .........................................   Passed    0.00 sec
test 26
        Start  26: AVCInfoBlockTests.InvalidPrimaryFieldsLength

26: Test command: /Users/mrmidi/DEV/FirWireDriver/ASFW/build/tests_build/AVCInfoBlockTests "--gtest_filter=AVCInfoBlockTests.InvalidPrimaryFieldsLength" "--gtest_also_run_disabled_tests"
26: Working Directory: /Users/mrmidi/DEV/FirWireDriver/ASFW/build/tests_build
26: Test timeout computed to be: 10000000
26: Running main() from /private/tmp/googletest-20250808-4780-aa0gxy/googletest-1.17.0/googletest/src/gtest_main.cc
26: Note: Google Test filter = AVCInfoBlockTests.InvalidPrimaryFieldsLength
26: [==========] Running 1 test from 1 test suite.
26: [----------] Global test environment set-up.
26: [----------] 1 test from AVCInfoBlockTests
26: [ RUN      ] AVCInfoBlockTests.InvalidPrimaryFieldsLength
26: [       OK ] AVCInfoBlockTests.InvalidPrimaryFieldsLength (0 ms)
26: [----------] 1 test from AVCInfoBlockTests (0 ms total)
26: 
26: [----------] Global test environment tear-down
26: [==========] 1 test from 1 test suite ran. (0 ms total)
26: [  PASSED  ] 1 test.
 26/122 Test  #26: AVCInfoBlockTests.InvalidPrimaryFieldsLength ....................................   Passed    0.00 sec
test 27
        Start  27: AVCInfoBlockTests.ParseSingleNestedBlock

27: Test command: /Users/mrmidi/DEV/FirWireDriver/ASFW/build/tests_build/AVCInfoBlockTests "--gtest_filter=AVCInfoBlockTests.ParseSingleNestedBlock" "--gtest_also_run_disabled_tests"
27: Working Directory: /Users/mrmidi/DEV/FirWireDriver/ASFW/build/tests_build
27: Test timeout computed to be: 10000000
27: Running main() from /private/tmp/googletest-20250808-4780-aa0gxy/googletest-1.17.0/googletest/src/gtest_main.cc
27: Note: Google Test filter = AVCInfoBlockTests.ParseSingleNestedBlock
27: [==========] Running 1 test from 1 test suite.
27: [----------] Global test environment set-up.
27: [----------] 1 test from AVCInfoBlockTests
27: [ RUN      ] AVCInfoBlockTests.ParseSingleNestedBlock
27: [       OK ] AVCInfoBlockTests.ParseSingleNestedBlock (0 ms)
27: [----------] 1 test from AVCInfoBlockTests (0 ms total)
27: 
27: [----------] Global test environment tear-down
27: [==========] 1 test from 1 test suite ran. (0 ms total)
27: [  PASSED  ] 1 test.
 27/122 Test  #27: AVCInfoBlockTests.ParseSingleNestedBlock ........................................   Passed    0.00 sec
test 28
        Start  28: AVCInfoBlockTests.ParseMultipleNestedBlocks

28: Test command: /Users/mrmidi/DEV/FirWireDriver/ASFW/build/tests_build/AVCInfoBlockTests "--gtest_filter=AVCInfoBlockTests.ParseMultipleNestedBlocks" "--gtest_also_run_disabled_tests"
28: Working Directory: /Users/mrmidi/DEV/FirWireDriver/ASFW/build/tests_build
28: Test timeout computed to be: 10000000
28: Running main() from /private/tmp/googletest-20250808-4780-aa0gxy/googletest-1.17.0/googletest/src/gtest_main.cc
28: Note: Google Test filter = AVCInfoBlockTests.ParseMultipleNestedBlocks
28: [==========] Running 1 test from 1 test suite.
28: [----------] Global test environment set-up.
28: [----------] 1 test from AVCInfoBlockTests
28: [ RUN      ] AVCInfoBlockTests.ParseMultipleNestedBlocks
28: [       OK ] AVCInfoBlockTests.ParseMultipleNestedBlocks (0 ms)
28: [----------] 1 test from AVCInfoBlockTests (0 ms total)
28: 
28: [----------] Global test environment tear-down
28: [==========] 1 test from 1 test suite ran. (0 ms total)
28: [  PASSED  ] 1 test.
 28/122 Test  #28: AVCInfoBlockTests.ParseMultipleNestedBlocks .....................................   Passed    0.00 sec
test 29
        Start  29: AVCInfoBlockTests.ParseDeeplyNestedBlocks

29: Test command: /Users/mrmidi/DEV/FirWireDriver/ASFW/build/tests_build/AVCInfoBlockTests "--gtest_filter=AVCInfoBlockTests.ParseDeeplyNestedBlocks" "--gtest_also_run_disabled_tests"
29: Working Directory: /Users/mrmidi/DEV/FirWireDriver/ASFW/build/tests_build
29: Test timeout computed to be: 10000000
29: Running main() from /private/tmp/googletest-20250808-4780-aa0gxy/googletest-1.17.0/googletest/src/gtest_main.cc
29: Note: Google Test filter = AVCInfoBlockTests.ParseDeeplyNestedBlocks
29: [==========] Running 1 test from 1 test suite.
29: [----------] Global test environment set-up.
29: [----------] 1 test from AVCInfoBlockTests
29: [ RUN      ] AVCInfoBlockTests.ParseDeeplyNestedBlocks
29: [       OK ] AVCInfoBlockTests.ParseDeeplyNestedBlocks (0 ms)
29: [----------] 1 test from AVCInfoBlockTests (0 ms total)
29: 
29: [----------] Global test environment tear-down
29: [==========] 1 test from 1 test suite ran. (0 ms total)
29: [  PASSED  ] 1 test.
 29/122 Test  #29: AVCInfoBlockTests.ParseDeeplyNestedBlocks .......................................   Passed    0.00 sec
test 30
        Start  30: AVCInfoBlockTests.FindNested

30: Test command: /Users/mrmidi/DEV/FirWireDriver/ASFW/build/tests_build/AVCInfoBlockTests "--gtest_filter=AVCInfoBlockTests.FindNested" "--gtest_also_run_disabled_tests"
30: Working Directory: /Users/mrmidi/DEV/FirWireDriver/ASFW/build/tests_build
30: Test timeout computed to be: 10000000
30: Running main() from /private/tmp/googletest-20250808-4780-aa0gxy/googletest-1.17.0/googletest/src/gtest_main.cc
30: Note: Google Test filter = AVCInfoBlockTests.FindNested
30: [==========] Running 1 test from 1 test suite.
30: [----------] Global test environment set-up.
30: [----------] 1 test from AVCInfoBlockTests
30: [ RUN      ] AVCInfoBlockTests.FindNested
30: [       OK ] AVCInfoBlockTests.FindNested (0 ms)
30: [----------] 1 test from AVCInfoBlockTests (0 ms total)
30: 
30: [----------] Global test environment tear-down
30: [==========] 1 test from 1 test suite ran. (0 ms total)
30: [  PASSED  ] 1 test.
 30/122 Test  #30: AVCInfoBlockTests.FindNested ....................................................   Passed    0.00 sec
test 31
        Start  31: AVCInfoBlockTests.FindAllNested

31: Test command: /Users/mrmidi/DEV/FirWireDriver/ASFW/build/tests_build/AVCInfoBlockTests "--gtest_filter=AVCInfoBlockTests.FindAllNested" "--gtest_also_run_disabled_tests"
31: Working Directory: /Users/mrmidi/DEV/FirWireDriver/ASFW/build/tests_build
31: Test timeout computed to be: 10000000
31: Running main() from /private/tmp/googletest-20250808-4780-aa0gxy/googletest-1.17.0/googletest/src/gtest_main.cc
31: Note: Google Test filter = AVCInfoBlockTests.FindAllNested
31: [==========] Running 1 test from 1 test suite.
31: [----------] Global test environment set-up.
31: [----------] 1 test from AVCInfoBlockTests
31: [ RUN      ] AVCInfoBlockTests.FindAllNested
31: [       OK ] AVCInfoBlockTests.FindAllNested (0 ms)
31: [----------] 1 test from AVCInfoBlockTests (0 ms total)
31: 
31: [----------] Global test environment tear-down
31: [==========] 1 test from 1 test suite ran. (0 ms total)
31: [  PASSED  ] 1 test.
 31/122 Test  #31: AVCInfoBlockTests.FindAllNested .................................................   Passed    0.00 sec
test 32
        Start  32: AVCInfoBlockTests.FindNestedRecursive

32: Test command: /Users/mrmidi/DEV/FirWireDriver/ASFW/build/tests_build/AVCInfoBlockTests "--gtest_filter=AVCInfoBlockTests.FindNestedRecursive" "--gtest_also_run_disabled_tests"
32: Working Directory: /Users/mrmidi/DEV/FirWireDriver/ASFW/build/tests_build
32: Test timeout computed to be: 10000000
32: Running main() from /private/tmp/googletest-20250808-4780-aa0gxy/googletest-1.17.0/googletest/src/gtest_main.cc
32: Note: Google Test filter = AVCInfoBlockTests.FindNestedRecursive
32: [==========] Running 1 test from 1 test suite.
32: [----------] Global test environment set-up.
32: [----------] 1 test from AVCInfoBlockTests
32: [ RUN      ] AVCInfoBlockTests.FindNestedRecursive
32: [       OK ] AVCInfoBlockTests.FindNestedRecursive (0 ms)
32: [----------] 1 test from AVCInfoBlockTests (0 ms total)
32: 
32: [----------] Global test environment tear-down
32: [==========] 1 test from 1 test suite ran. (0 ms total)
32: [  PASSED  ] 1 test.
 32/122 Test  #32: AVCInfoBlockTests.FindNestedRecursive ...........................................   Passed    0.00 sec
test 33
        Start  33: AVCInfoBlockTests.MusicSubunitPlugInfoPattern

33: Test command: /Users/mrmidi/DEV/FirWireDriver/ASFW/build/tests_build/AVCInfoBlockTests "--gtest_filter=AVCInfoBlockTests.MusicSubunitPlugInfoPattern" "--gtest_also_run_disabled_tests"
33: Working Directory: /Users/mrmidi/DEV/FirWireDriver/ASFW/build/tests_build
33: Test timeout computed to be: 10000000
33: Running main() from /private/tmp/googletest-20250808-4780-aa0gxy/googletest-1.17.0/googletest/src/gtest_main.cc
33: Note: Google Test filter = AVCInfoBlockTests.MusicSubunitPlugInfoPattern
33: [==========] Running 1 test from 1 test suite.
33: [----------] Global test environment set-up.
33: [----------] 1 test from AVCInfoBlockTests
33: [ RUN      ] AVCInfoBlockTests.MusicSubunitPlugInfoPattern
33: [       OK ] AVCInfoBlockTests.MusicSubunitPlugInfoPattern (0 ms)
33: [----------] 1 test from AVCInfoBlockTests (0 ms total)
33: 
33: [----------] Global test environment tear-down
33: [==========] 1 test from 1 test suite ran. (0 ms total)
33: [  PASSED  ] 1 test.
 33/122 Test  #33: AVCInfoBlockTests.MusicSubunitPlugInfoPattern ...................................   Passed    0.00 sec
test 34
        Start  34: AVCInfoBlockTests.TruncatedNestedBlock

34: Test command: /Users/mrmidi/DEV/FirWireDriver/ASFW/build/tests_build/AVCInfoBlockTests "--gtest_filter=AVCInfoBlockTests.TruncatedNestedBlock" "--gtest_also_run_disabled_tests"
34: Working Directory: /Users/mrmidi/DEV/FirWireDriver/ASFW/build/tests_build
34: Test timeout computed to be: 10000000
34: Running main() from /private/tmp/googletest-20250808-4780-aa0gxy/googletest-1.17.0/googletest/src/gtest_main.cc
34: Note: Google Test filter = AVCInfoBlockTests.TruncatedNestedBlock
34: [==========] Running 1 test from 1 test suite.
34: [----------] Global test environment set-up.
34: [----------] 1 test from AVCInfoBlockTests
34: [ RUN      ] AVCInfoBlockTests.TruncatedNestedBlock
34: [       OK ] AVCInfoBlockTests.TruncatedNestedBlock (0 ms)
34: [----------] 1 test from AVCInfoBlockTests (0 ms total)
34: 
34: [----------] Global test environment tear-down
34: [==========] 1 test from 1 test suite ran. (0 ms total)
34: [  PASSED  ] 1 test.
 34/122 Test  #34: AVCInfoBlockTests.TruncatedNestedBlock ..........................................   Passed    0.00 sec
test 35
        Start  35: AVCInfoBlockTests.ExtraDataAfterBlock

35: Test command: /Users/mrmidi/DEV/FirWireDriver/ASFW/build/tests_build/AVCInfoBlockTests "--gtest_filter=AVCInfoBlockTests.ExtraDataAfterBlock" "--gtest_also_run_disabled_tests"
35: Working Directory: /Users/mrmidi/DEV/FirWireDriver/ASFW/build/tests_build
35: Test timeout computed to be: 10000000
35: Running main() from /private/tmp/googletest-20250808-4780-aa0gxy/googletest-1.17.0/googletest/src/gtest_main.cc
35: Note: Google Test filter = AVCInfoBlockTests.ExtraDataAfterBlock
35: [==========] Running 1 test from 1 test suite.
35: [----------] Global test environment set-up.
35: [----------] 1 test from AVCInfoBlockTests
35: [ RUN      ] AVCInfoBlockTests.ExtraDataAfterBlock
35: [       OK ] AVCInfoBlockTests.ExtraDataAfterBlock (0 ms)
35: [----------] 1 test from AVCInfoBlockTests (0 ms total)
35: 
35: [----------] Global test environment tear-down
35: [==========] 1 test from 1 test suite ran. (0 ms total)
35: [  PASSED  ] 1 test.
 35/122 Test  #35: AVCInfoBlockTests.ExtraDataAfterBlock ...........................................   Passed    0.00 sec
test 36
        Start  36: AVCInfoBlockTests.RoutingStatus_PrimaryFieldsParsing

36: Test command: /Users/mrmidi/DEV/FirWireDriver/ASFW/build/tests_build/AVCInfoBlockTests "--gtest_filter=AVCInfoBlockTests.RoutingStatus_PrimaryFieldsParsing" "--gtest_also_run_disabled_tests"
36: Working Directory: /Users/mrmidi/DEV/FirWireDriver/ASFW/build/tests_build
36: Test timeout computed to be: 10000000
36: Running main() from /private/tmp/googletest-20250808-4780-aa0gxy/googletest-1.17.0/googletest/src/gtest_main.cc
36: Note: Google Test filter = AVCInfoBlockTests.RoutingStatus_PrimaryFieldsParsing
36: [==========] Running 1 test from 1 test suite.
36: [----------] Global test environment set-up.
36: [----------] 1 test from AVCInfoBlockTests
36: [ RUN      ] AVCInfoBlockTests.RoutingStatus_PrimaryFieldsParsing
36: [       OK ] AVCInfoBlockTests.RoutingStatus_PrimaryFieldsParsing (0 ms)
36: [----------] 1 test from AVCInfoBlockTests (0 ms total)
36: 
36: [----------] Global test environment tear-down
36: [==========] 1 test from 1 test suite ran. (0 ms total)
36: [  PASSED  ] 1 test.
 36/122 Test  #36: AVCInfoBlockTests.RoutingStatus_PrimaryFieldsParsing ............................   Passed    0.00 sec
test 37
        Start  37: AVCInfoBlockTests.RoutingStatus_PlugDirectionFromPosition

37: Test command: /Users/mrmidi/DEV/FirWireDriver/ASFW/build/tests_build/AVCInfoBlockTests "--gtest_filter=AVCInfoBlockTests.RoutingStatus_PlugDirectionFromPosition" "--gtest_also_run_disabled_tests"
37: Working Directory: /Users/mrmidi/DEV/FirWireDriver/ASFW/build/tests_build
37: Test timeout computed to be: 10000000
37: Running main() from /private/tmp/googletest-20250808-4780-aa0gxy/googletest-1.17.0/googletest/src/gtest_main.cc
37: Note: Google Test filter = AVCInfoBlockTests.RoutingStatus_PlugDirectionFromPosition
37: [==========] Running 1 test from 1 test suite.
37: [----------] Global test environment set-up.
37: [----------] 1 test from AVCInfoBlockTests
37: [ RUN      ] AVCInfoBlockTests.RoutingStatus_PlugDirectionFromPosition
37: [       OK ] AVCInfoBlockTests.RoutingStatus_PlugDirectionFromPosition (0 ms)
37: [----------] 1 test from AVCInfoBlockTests (0 ms total)
37: 
37: [----------] Global test environment tear-down
37: [==========] 1 test from 1 test suite ran. (0 ms total)
37: [  PASSED  ] 1 test.
 37/122 Test  #37: AVCInfoBlockTests.RoutingStatus_PlugDirectionFromPosition .......................   Passed    0.00 sec
test 38
        Start  38: AVCInfoBlockTests.RoutingStatus_SubunitPlugInfoPrimaryFields

38: Test command: /Users/mrmidi/DEV/FirWireDriver/ASFW/build/tests_build/AVCInfoBlockTests "--gtest_filter=AVCInfoBlockTests.RoutingStatus_SubunitPlugInfoPrimaryFields" "--gtest_also_run_disabled_tests"
38: Working Directory: /Users/mrmidi/DEV/FirWireDriver/ASFW/build/tests_build
38: Test timeout computed to be: 10000000
38: Running main() from /private/tmp/googletest-20250808-4780-aa0gxy/googletest-1.17.0/googletest/src/gtest_main.cc
38: Note: Google Test filter = AVCInfoBlockTests.RoutingStatus_SubunitPlugInfoPrimaryFields
38: [==========] Running 1 test from 1 test suite.
38: [----------] Global test environment set-up.
38: [----------] 1 test from AVCInfoBlockTests
38: [ RUN      ] AVCInfoBlockTests.RoutingStatus_SubunitPlugInfoPrimaryFields
38: [       OK ] AVCInfoBlockTests.RoutingStatus_SubunitPlugInfoPrimaryFields (0 ms)
38: [----------] 1 test from AVCInfoBlockTests (0 ms total)
38: 
38: [----------] Global test environment tear-down
38: [==========] 1 test from 1 test suite ran. (0 ms total)
38: [  PASSED  ] 1 test.
 38/122 Test  #38: AVCInfoBlockTests.RoutingStatus_SubunitPlugInfoPrimaryFields ....................   Passed    0.00 sec
test 39
        Start  39: ClusterInfoParsingTest.ParsesRoutingStatusBlock

39: Test command: /Users/mrmidi/DEV/FirWireDriver/ASFW/build/tests_build/ClusterInfoParsingTests "--gtest_filter=ClusterInfoParsingTest.ParsesRoutingStatusBlock" "--gtest_also_run_disabled_tests"
39: Working Directory: /Users/mrmidi/DEV/FirWireDriver/ASFW/build/tests_build
39: Test timeout computed to be: 10000000
39: Running main() from /private/tmp/googletest-20250808-4780-aa0gxy/googletest-1.17.0/googletest/src/gtest_main.cc
39: Note: Google Test filter = ClusterInfoParsingTest.ParsesRoutingStatusBlock
39: [==========] Running 1 test from 1 test suite.
39: [----------] Global test environment set-up.
39: [----------] 1 test from ClusterInfoParsingTest
39: [ RUN      ] ClusterInfoParsingTest.ParsesRoutingStatusBlock
39: [       OK ] ClusterInfoParsingTest.ParsesRoutingStatusBlock (0 ms)
39: [----------] 1 test from ClusterInfoParsingTest (0 ms total)
39: 
39: [----------] Global test environment tear-down
39: [==========] 1 test from 1 test suite ran. (0 ms total)
39: [  PASSED  ] 1 test.
 39/122 Test  #39: ClusterInfoParsingTest.ParsesRoutingStatusBlock .................................   Passed    0.01 sec
test 40
        Start  40: ClusterInfoParsingTest.FindsSubunitPlugInfoBlocks

40: Test command: /Users/mrmidi/DEV/FirWireDriver/ASFW/build/tests_build/ClusterInfoParsingTests "--gtest_filter=ClusterInfoParsingTest.FindsSubunitPlugInfoBlocks" "--gtest_also_run_disabled_tests"
40: Working Directory: /Users/mrmidi/DEV/FirWireDriver/ASFW/build/tests_build
40: Test timeout computed to be: 10000000
40: Running main() from /private/tmp/googletest-20250808-4780-aa0gxy/googletest-1.17.0/googletest/src/gtest_main.cc
40: Note: Google Test filter = ClusterInfoParsingTest.FindsSubunitPlugInfoBlocks
40: [==========] Running 1 test from 1 test suite.
40: [----------] Global test environment set-up.
40: [----------] 1 test from ClusterInfoParsingTest
40: [ RUN      ] ClusterInfoParsingTest.FindsSubunitPlugInfoBlocks
40: [       OK ] ClusterInfoParsingTest.FindsSubunitPlugInfoBlocks (0 ms)
40: [----------] 1 test from ClusterInfoParsingTest (0 ms total)
40: 
40: [----------] Global test environment tear-down
40: [==========] 1 test from 1 test suite ran. (0 ms total)
40: [  PASSED  ] 1 test.
 40/122 Test  #40: ClusterInfoParsingTest.FindsSubunitPlugInfoBlocks ...............................   Passed    0.00 sec
test 41
        Start  41: ClusterInfoParsingTest.FindsClusterInfoBlocks

41: Test command: /Users/mrmidi/DEV/FirWireDriver/ASFW/build/tests_build/ClusterInfoParsingTests "--gtest_filter=ClusterInfoParsingTest.FindsClusterInfoBlocks" "--gtest_also_run_disabled_tests"
41: Working Directory: /Users/mrmidi/DEV/FirWireDriver/ASFW/build/tests_build
41: Test timeout computed to be: 10000000
41: Running main() from /private/tmp/googletest-20250808-4780-aa0gxy/googletest-1.17.0/googletest/src/gtest_main.cc
41: Note: Google Test filter = ClusterInfoParsingTest.FindsClusterInfoBlocks
41: [==========] Running 1 test from 1 test suite.
41: [----------] Global test environment set-up.
41: [----------] 1 test from ClusterInfoParsingTest
41: [ RUN      ] ClusterInfoParsingTest.FindsClusterInfoBlocks
41: [       OK ] ClusterInfoParsingTest.FindsClusterInfoBlocks (0 ms)
41: [----------] 1 test from ClusterInfoParsingTest (0 ms total)
41: 
41: [----------] Global test environment tear-down
41: [==========] 1 test from 1 test suite ran. (0 ms total)
41: [  PASSED  ] 1 test.
 41/122 Test  #41: ClusterInfoParsingTest.FindsClusterInfoBlocks ...................................   Passed    0.00 sec
test 42
        Start  42: ClusterInfoParsingTest.ParsesClusterInfoSignals

42: Test command: /Users/mrmidi/DEV/FirWireDriver/ASFW/build/tests_build/ClusterInfoParsingTests "--gtest_filter=ClusterInfoParsingTest.ParsesClusterInfoSignals" "--gtest_also_run_disabled_tests"
42: Working Directory: /Users/mrmidi/DEV/FirWireDriver/ASFW/build/tests_build
42: Test timeout computed to be: 10000000
42: Running main() from /private/tmp/googletest-20250808-4780-aa0gxy/googletest-1.17.0/googletest/src/gtest_main.cc
42: Note: Google Test filter = ClusterInfoParsingTest.ParsesClusterInfoSignals
42: [==========] Running 1 test from 1 test suite.
42: [----------] Global test environment set-up.
42: [----------] 1 test from ClusterInfoParsingTest
42: [ RUN      ] ClusterInfoParsingTest.ParsesClusterInfoSignals
42: [       OK ] ClusterInfoParsingTest.ParsesClusterInfoSignals (0 ms)
42: [----------] 1 test from ClusterInfoParsingTest (0 ms total)
42: 
42: [----------] Global test environment tear-down
42: [==========] 1 test from 1 test suite ran. (0 ms total)
42: [  PASSED  ] 1 test.
 42/122 Test  #42: ClusterInfoParsingTest.ParsesClusterInfoSignals .................................   Passed    0.00 sec
test 43
        Start  43: ClusterInfoParsingTest.FindsMusicPlugInfoBlocks

43: Test command: /Users/mrmidi/DEV/FirWireDriver/ASFW/build/tests_build/ClusterInfoParsingTests "--gtest_filter=ClusterInfoParsingTest.FindsMusicPlugInfoBlocks" "--gtest_also_run_disabled_tests"
43: Working Directory: /Users/mrmidi/DEV/FirWireDriver/ASFW/build/tests_build
43: Test timeout computed to be: 10000000
43: Running main() from /private/tmp/googletest-20250808-4780-aa0gxy/googletest-1.17.0/googletest/src/gtest_main.cc
43: Note: Google Test filter = ClusterInfoParsingTest.FindsMusicPlugInfoBlocks
43: [==========] Running 1 test from 1 test suite.
43: [----------] Global test environment set-up.
43: [----------] 1 test from ClusterInfoParsingTest
43: [ RUN      ] ClusterInfoParsingTest.FindsMusicPlugInfoBlocks
43: [       OK ] ClusterInfoParsingTest.FindsMusicPlugInfoBlocks (0 ms)
43: [----------] 1 test from ClusterInfoParsingTest (0 ms total)
43: 
43: [----------] Global test environment tear-down
43: [==========] 1 test from 1 test suite ran. (0 ms total)
43: [  PASSED  ] 1 test.
 43/122 Test  #43: ClusterInfoParsingTest.FindsMusicPlugInfoBlocks .................................   Passed    0.01 sec
test 44
        Start  44: ClusterInfoParsingTest.ParsesMusicPlugInfoNames

44: Test command: /Users/mrmidi/DEV/FirWireDriver/ASFW/build/tests_build/ClusterInfoParsingTests "--gtest_filter=ClusterInfoParsingTest.ParsesMusicPlugInfoNames" "--gtest_also_run_disabled_tests"
44: Working Directory: /Users/mrmidi/DEV/FirWireDriver/ASFW/build/tests_build
44: Test timeout computed to be: 10000000
44: Running main() from /private/tmp/googletest-20250808-4780-aa0gxy/googletest-1.17.0/googletest/src/gtest_main.cc
44: Note: Google Test filter = ClusterInfoParsingTest.ParsesMusicPlugInfoNames
44: [==========] Running 1 test from 1 test suite.
44: [----------] Global test environment set-up.
44: [----------] 1 test from ClusterInfoParsingTest
44: [ RUN      ] ClusterInfoParsingTest.ParsesMusicPlugInfoNames
44: [       OK ] ClusterInfoParsingTest.ParsesMusicPlugInfoNames (0 ms)
44: [----------] 1 test from ClusterInfoParsingTest (0 ms total)
44: 
44: [----------] Global test environment tear-down
44: [==========] 1 test from 1 test suite ran. (0 ms total)
44: [  PASSED  ] 1 test.
 44/122 Test  #44: ClusterInfoParsingTest.ParsesMusicPlugInfoNames .................................   Passed    0.00 sec
test 45
        Start  45: ClusterInfoParsingTest.ClusterInfoNestedInSubunitPlugInfo

45: Test command: /Users/mrmidi/DEV/FirWireDriver/ASFW/build/tests_build/ClusterInfoParsingTests "--gtest_filter=ClusterInfoParsingTest.ClusterInfoNestedInSubunitPlugInfo" "--gtest_also_run_disabled_tests"
45: Working Directory: /Users/mrmidi/DEV/FirWireDriver/ASFW/build/tests_build
45: Test timeout computed to be: 10000000
45: Running main() from /private/tmp/googletest-20250808-4780-aa0gxy/googletest-1.17.0/googletest/src/gtest_main.cc
45: Note: Google Test filter = ClusterInfoParsingTest.ClusterInfoNestedInSubunitPlugInfo
45: [==========] Running 1 test from 1 test suite.
45: [----------] Global test environment set-up.
45: [----------] 1 test from ClusterInfoParsingTest
45: [ RUN      ] ClusterInfoParsingTest.ClusterInfoNestedInSubunitPlugInfo
45: [       OK ] ClusterInfoParsingTest.ClusterInfoNestedInSubunitPlugInfo (0 ms)
45: [----------] 1 test from ClusterInfoParsingTest (0 ms total)
45: 
45: [----------] Global test environment tear-down
45: [==========] 1 test from 1 test suite ran. (0 ms total)
45: [  PASSED  ] 1 test.
 45/122 Test  #45: ClusterInfoParsingTest.ClusterInfoNestedInSubunitPlugInfo .......................   Passed    0.00 sec
test 46
        Start  46: AVCStreamFormatCommandTests.ParsesUnitPlugCurrentFormat_C0

46: Test command: /Users/mrmidi/DEV/FirWireDriver/ASFW/build/tests_build/AVCStreamFormatCommandTests "--gtest_filter=AVCStreamFormatCommandTests.ParsesUnitPlugCurrentFormat_C0" "--gtest_also_run_disabled_tests"
46: Working Directory: /Users/mrmidi/DEV/FirWireDriver/ASFW/build/tests_build
46: Test timeout computed to be: 10000000
46: Running main() from /private/tmp/googletest-20250808-4780-aa0gxy/googletest-1.17.0/googletest/src/gtest_main.cc
46: Note: Google Test filter = AVCStreamFormatCommandTests.ParsesUnitPlugCurrentFormat_C0
46: [==========] Running 1 test from 1 test suite.
46: [----------] Global test environment set-up.
46: [----------] 1 test from AVCStreamFormatCommandTests
46: [ RUN      ] AVCStreamFormatCommandTests.ParsesUnitPlugCurrentFormat_C0
46: [       OK ] AVCStreamFormatCommandTests.ParsesUnitPlugCurrentFormat_C0 (0 ms)
46: [----------] 1 test from AVCStreamFormatCommandTests (0 ms total)
46: 
46: [----------] Global test environment tear-down
46: [==========] 1 test from 1 test suite ran. (0 ms total)
46: [  PASSED  ] 1 test.
 46/122 Test  #46: AVCStreamFormatCommandTests.ParsesUnitPlugCurrentFormat_C0 ......................   Passed    0.01 sec
test 47
        Start  47: AVCStreamFormatCommandTests.ParsesUnitPlugSupportedFormat_C1

47: Test command: /Users/mrmidi/DEV/FirWireDriver/ASFW/build/tests_build/AVCStreamFormatCommandTests "--gtest_filter=AVCStreamFormatCommandTests.ParsesUnitPlugSupportedFormat_C1" "--gtest_also_run_disabled_tests"
47: Working Directory: /Users/mrmidi/DEV/FirWireDriver/ASFW/build/tests_build
47: Test timeout computed to be: 10000000
47: Running main() from /private/tmp/googletest-20250808-4780-aa0gxy/googletest-1.17.0/googletest/src/gtest_main.cc
47: Note: Google Test filter = AVCStreamFormatCommandTests.ParsesUnitPlugSupportedFormat_C1
47: [==========] Running 1 test from 1 test suite.
47: [----------] Global test environment set-up.
47: [----------] 1 test from AVCStreamFormatCommandTests
47: [ RUN      ] AVCStreamFormatCommandTests.ParsesUnitPlugSupportedFormat_C1
47: [       OK ] AVCStreamFormatCommandTests.ParsesUnitPlugSupportedFormat_C1 (0 ms)
47: [----------] 1 test from AVCStreamFormatCommandTests (0 ms total)
47: 
47: [----------] Global test environment tear-down
47: [==========] 1 test from 1 test suite ran. (0 ms total)
47: [  PASSED  ] 1 test.
 47/122 Test  #47: AVCStreamFormatCommandTests.ParsesUnitPlugSupportedFormat_C1 ....................   Passed    0.01 sec
test 48
        Start  48: AVCStreamFormatCommandTests.ParsesSubunitPlugCurrentFormat_C0

48: Test command: /Users/mrmidi/DEV/FirWireDriver/ASFW/build/tests_build/AVCStreamFormatCommandTests "--gtest_filter=AVCStreamFormatCommandTests.ParsesSubunitPlugCurrentFormat_C0" "--gtest_also_run_disabled_tests"
48: Working Directory: /Users/mrmidi/DEV/FirWireDriver/ASFW/build/tests_build
48: Test timeout computed to be: 10000000
48: Running main() from /private/tmp/googletest-20250808-4780-aa0gxy/googletest-1.17.0/googletest/src/gtest_main.cc
48: Note: Google Test filter = AVCStreamFormatCommandTests.ParsesSubunitPlugCurrentFormat_C0
48: [==========] Running 1 test from 1 test suite.
48: [----------] Global test environment set-up.
48: [----------] 1 test from AVCStreamFormatCommandTests
48: [ RUN      ] AVCStreamFormatCommandTests.ParsesSubunitPlugCurrentFormat_C0
48: [       OK ] AVCStreamFormatCommandTests.ParsesSubunitPlugCurrentFormat_C0 (0 ms)
48: [----------] 1 test from AVCStreamFormatCommandTests (0 ms total)
48: 
48: [----------] Global test environment tear-down
48: [==========] 1 test from 1 test suite ran. (0 ms total)
48: [  PASSED  ] 1 test.
 48/122 Test  #48: AVCStreamFormatCommandTests.ParsesSubunitPlugCurrentFormat_C0 ...................   Passed    0.00 sec
test 49
        Start  49: AVCStreamFormatCommandTests.ParsesSubunitPlugSupportedFormat_C1

49: Test command: /Users/mrmidi/DEV/FirWireDriver/ASFW/build/tests_build/AVCStreamFormatCommandTests "--gtest_filter=AVCStreamFormatCommandTests.ParsesSubunitPlugSupportedFormat_C1" "--gtest_also_run_disabled_tests"
49: Working Directory: /Users/mrmidi/DEV/FirWireDriver/ASFW/build/tests_build
49: Test timeout computed to be: 10000000
49: Running main() from /private/tmp/googletest-20250808-4780-aa0gxy/googletest-1.17.0/googletest/src/gtest_main.cc
49: Note: Google Test filter = AVCStreamFormatCommandTests.ParsesSubunitPlugSupportedFormat_C1
49: [==========] Running 1 test from 1 test suite.
49: [----------] Global test environment set-up.
49: [----------] 1 test from AVCStreamFormatCommandTests
49: [ RUN      ] AVCStreamFormatCommandTests.ParsesSubunitPlugSupportedFormat_C1
49: [       OK ] AVCStreamFormatCommandTests.ParsesSubunitPlugSupportedFormat_C1 (0 ms)
49: [----------] 1 test from AVCStreamFormatCommandTests (0 ms total)
49: 
49: [----------] Global test environment tear-down
49: [==========] 1 test from 1 test suite ran. (0 ms total)
49: [  PASSED  ] 1 test.
 49/122 Test  #49: AVCStreamFormatCommandTests.ParsesSubunitPlugSupportedFormat_C1 .................   Passed    0.00 sec
test 50
        Start  50: AVCStreamFormatCommandTests.ParsesSubunitPlug_SyncStream_3ByteFormat

50: Test command: /Users/mrmidi/DEV/FirWireDriver/ASFW/build/tests_build/AVCStreamFormatCommandTests "--gtest_filter=AVCStreamFormatCommandTests.ParsesSubunitPlug_SyncStream_3ByteFormat" "--gtest_also_run_disabled_tests"
50: Working Directory: /Users/mrmidi/DEV/FirWireDriver/ASFW/build/tests_build
50: Test timeout computed to be: 10000000
50: Running main() from /private/tmp/googletest-20250808-4780-aa0gxy/googletest-1.17.0/googletest/src/gtest_main.cc
50: Note: Google Test filter = AVCStreamFormatCommandTests.ParsesSubunitPlug_SyncStream_3ByteFormat
50: [==========] Running 1 test from 1 test suite.
50: [----------] Global test environment set-up.
50: [----------] 1 test from AVCStreamFormatCommandTests
50: [ RUN      ] AVCStreamFormatCommandTests.ParsesSubunitPlug_SyncStream_3ByteFormat
50: [       OK ] AVCStreamFormatCommandTests.ParsesSubunitPlug_SyncStream_3ByteFormat (0 ms)
50: [----------] 1 test from AVCStreamFormatCommandTests (0 ms total)
50: 
50: [----------] Global test environment tear-down
50: [==========] 1 test from 1 test suite ran. (0 ms total)
50: [  PASSED  ] 1 test.
 50/122 Test  #50: AVCStreamFormatCommandTests.ParsesSubunitPlug_SyncStream_3ByteFormat ............   Passed    0.00 sec
test 51
        Start  51: AVCStreamFormatCommandTests.ReturnsNulloptOnRejectedResponse

51: Test command: /Users/mrmidi/DEV/FirWireDriver/ASFW/build/tests_build/AVCStreamFormatCommandTests "--gtest_filter=AVCStreamFormatCommandTests.ReturnsNulloptOnRejectedResponse" "--gtest_also_run_disabled_tests"
51: Working Directory: /Users/mrmidi/DEV/FirWireDriver/ASFW/build/tests_build
51: Test timeout computed to be: 10000000
51: Running main() from /private/tmp/googletest-20250808-4780-aa0gxy/googletest-1.17.0/googletest/src/gtest_main.cc
51: Note: Google Test filter = AVCStreamFormatCommandTests.ReturnsNulloptOnRejectedResponse
51: [==========] Running 1 test from 1 test suite.
51: [----------] Global test environment set-up.
51: [----------] 1 test from AVCStreamFormatCommandTests
51: [ RUN      ] AVCStreamFormatCommandTests.ReturnsNulloptOnRejectedResponse
51: [       OK ] AVCStreamFormatCommandTests.ReturnsNulloptOnRejectedResponse (0 ms)
51: [----------] 1 test from AVCStreamFormatCommandTests (0 ms total)
51: 
51: [----------] Global test environment tear-down
51: [==========] 1 test from 1 test suite ran. (0 ms total)
51: [  PASSED  ] 1 test.
 51/122 Test  #51: AVCStreamFormatCommandTests.ReturnsNulloptOnRejectedResponse ....................   Passed    0.00 sec
test 52
        Start  52: AVCStreamFormatCommandTests.ReturnsNulloptOnNotImplemented

52: Test command: /Users/mrmidi/DEV/FirWireDriver/ASFW/build/tests_build/AVCStreamFormatCommandTests "--gtest_filter=AVCStreamFormatCommandTests.ReturnsNulloptOnNotImplemented" "--gtest_also_run_disabled_tests"
52: Working Directory: /Users/mrmidi/DEV/FirWireDriver/ASFW/build/tests_build
52: Test timeout computed to be: 10000000
52: Running main() from /private/tmp/googletest-20250808-4780-aa0gxy/googletest-1.17.0/googletest/src/gtest_main.cc
52: Note: Google Test filter = AVCStreamFormatCommandTests.ReturnsNulloptOnNotImplemented
52: [==========] Running 1 test from 1 test suite.
52: [----------] Global test environment set-up.
52: [----------] 1 test from AVCStreamFormatCommandTests
52: [ RUN      ] AVCStreamFormatCommandTests.ReturnsNulloptOnNotImplemented
52: [       OK ] AVCStreamFormatCommandTests.ReturnsNulloptOnNotImplemented (0 ms)
52: [----------] 1 test from AVCStreamFormatCommandTests (0 ms total)
52: 
52: [----------] Global test environment tear-down
52: [==========] 1 test from 1 test suite ran. (0 ms total)
52: [  PASSED  ] 1 test.
 52/122 Test  #52: AVCStreamFormatCommandTests.ReturnsNulloptOnNotImplemented ......................   Passed    0.01 sec
test 53
        Start  53: AVCStreamFormatCommandTests.ReturnsNulloptOnShortResponse

53: Test command: /Users/mrmidi/DEV/FirWireDriver/ASFW/build/tests_build/AVCStreamFormatCommandTests "--gtest_filter=AVCStreamFormatCommandTests.ReturnsNulloptOnShortResponse" "--gtest_also_run_disabled_tests"
53: Working Directory: /Users/mrmidi/DEV/FirWireDriver/ASFW/build/tests_build
53: Test timeout computed to be: 10000000
53: Running main() from /private/tmp/googletest-20250808-4780-aa0gxy/googletest-1.17.0/googletest/src/gtest_main.cc
53: Note: Google Test filter = AVCStreamFormatCommandTests.ReturnsNulloptOnShortResponse
53: [==========] Running 1 test from 1 test suite.
53: [----------] Global test environment set-up.
53: [----------] 1 test from AVCStreamFormatCommandTests
53: [ RUN      ] AVCStreamFormatCommandTests.ReturnsNulloptOnShortResponse
53: [       OK ] AVCStreamFormatCommandTests.ReturnsNulloptOnShortResponse (0 ms)
53: [----------] 1 test from AVCStreamFormatCommandTests (0 ms total)
53: 
53: [----------] Global test environment tear-down
53: [==========] 1 test from 1 test suite ran. (0 ms total)
53: [  PASSED  ] 1 test.
 53/122 Test  #53: AVCStreamFormatCommandTests.ReturnsNulloptOnShortResponse .......................   Passed    0.00 sec
test 54
        Start  54: AVCStreamFormatCommandTests.ParsesAllApogeeDuetSampleRates

54: Test command: /Users/mrmidi/DEV/FirWireDriver/ASFW/build/tests_build/AVCStreamFormatCommandTests "--gtest_filter=AVCStreamFormatCommandTests.ParsesAllApogeeDuetSampleRates" "--gtest_also_run_disabled_tests"
54: Working Directory: /Users/mrmidi/DEV/FirWireDriver/ASFW/build/tests_build
54: Test timeout computed to be: 10000000
54: Running main() from /private/tmp/googletest-20250808-4780-aa0gxy/googletest-1.17.0/googletest/src/gtest_main.cc
54: Note: Google Test filter = AVCStreamFormatCommandTests.ParsesAllApogeeDuetSampleRates
54: [==========] Running 1 test from 1 test suite.
54: [----------] Global test environment set-up.
54: [----------] 1 test from AVCStreamFormatCommandTests
54: [ RUN      ] AVCStreamFormatCommandTests.ParsesAllApogeeDuetSampleRates
54: [       OK ] AVCStreamFormatCommandTests.ParsesAllApogeeDuetSampleRates (0 ms)
54: [----------] 1 test from AVCStreamFormatCommandTests (0 ms total)
54: 
54: [----------] Global test environment tear-down
54: [==========] 1 test from 1 test suite ran. (0 ms total)
54: [  PASSED  ] 1 test.
 54/122 Test  #54: AVCStreamFormatCommandTests.ParsesAllApogeeDuetSampleRates ......................   Passed    0.00 sec
test 55
        Start  55: MusicSubunitTests.QuerySupportedFormats_Sends0xBF

55: Test command: /Users/mrmidi/DEV/FirWireDriver/ASFW/build/tests_build/MusicSubunitTests "--gtest_filter=MusicSubunitTests.QuerySupportedFormats_Sends0xBF" "--gtest_also_run_disabled_tests"
55: Working Directory: /Users/mrmidi/DEV/FirWireDriver/ASFW/build/tests_build
55: Test timeout computed to be: 10000000
55: Running main() from /private/tmp/googletest-20250808-4780-aa0gxy/googletest-1.17.0/googletest/src/gtest_main.cc
55: Note: Google Test filter = MusicSubunitTests.QuerySupportedFormats_Sends0xBF
55: [==========] Running 1 test from 1 test suite.
55: [----------] Global test environment set-up.
55: [----------] 1 test from MusicSubunitTests
55: [ RUN      ] MusicSubunitTests.QuerySupportedFormats_Sends0xBF
55: [       OK ] MusicSubunitTests.QuerySupportedFormats_Sends0xBF (0 ms)
55: [----------] 1 test from MusicSubunitTests (0 ms total)
55: 
55: [----------] Global test environment tear-down
55: [==========] 1 test from 1 test suite ran. (0 ms total)
55: [  PASSED  ] 1 test.
 55/122 Test  #55: MusicSubunitTests.QuerySupportedFormats_Sends0xBF ...............................   Passed    0.01 sec
test 56
        Start  56: MusicSubunitTests.SetSampleRate_Sends0xBF_Control

56: Test command: /Users/mrmidi/DEV/FirWireDriver/ASFW/build/tests_build/MusicSubunitTests "--gtest_filter=MusicSubunitTests.SetSampleRate_Sends0xBF_Control" "--gtest_also_run_disabled_tests"
56: Working Directory: /Users/mrmidi/DEV/FirWireDriver/ASFW/build/tests_build
56: Test timeout computed to be: 10000000
56: Running main() from /private/tmp/googletest-20250808-4780-aa0gxy/googletest-1.17.0/googletest/src/gtest_main.cc
56: Note: Google Test filter = MusicSubunitTests.SetSampleRate_Sends0xBF_Control
56: [==========] Running 1 test from 1 test suite.
56: [----------] Global test environment set-up.
56: [----------] 1 test from MusicSubunitTests
56: [ RUN      ] MusicSubunitTests.SetSampleRate_Sends0xBF_Control
56: [       OK ] MusicSubunitTests.SetSampleRate_Sends0xBF_Control (0 ms)
56: [----------] 1 test from MusicSubunitTests (0 ms total)
56: 
56: [----------] Global test environment tear-down
56: [==========] 1 test from 1 test suite ran. (0 ms total)
56: [  PASSED  ] 1 test.
 56/122 Test  #56: MusicSubunitTests.SetSampleRate_Sends0xBF_Control ...............................   Passed    0.01 sec
test 57
        Start  57: MusicSubunitTests.QueryConnections_Sends0x1A_Status

57: Test command: /Users/mrmidi/DEV/FirWireDriver/ASFW/build/tests_build/MusicSubunitTests "--gtest_filter=MusicSubunitTests.QueryConnections_Sends0x1A_Status" "--gtest_also_run_disabled_tests"
57: Working Directory: /Users/mrmidi/DEV/FirWireDriver/ASFW/build/tests_build
57: Test timeout computed to be: 10000000
57: Running main() from /private/tmp/googletest-20250808-4780-aa0gxy/googletest-1.17.0/googletest/src/gtest_main.cc
57: Note: Google Test filter = MusicSubunitTests.QueryConnections_Sends0x1A_Status
57: [==========] Running 1 test from 1 test suite.
57: [----------] Global test environment set-up.
57: [----------] 1 test from MusicSubunitTests
57: [ RUN      ] MusicSubunitTests.QueryConnections_Sends0x1A_Status
57: [       OK ] MusicSubunitTests.QueryConnections_Sends0x1A_Status (0 ms)
57: [----------] 1 test from MusicSubunitTests (0 ms total)
57: 
57: [----------] Global test environment tear-down
57: [==========] 1 test from 1 test suite ran. (0 ms total)
57: [  PASSED  ] 1 test.
 57/122 Test  #57: MusicSubunitTests.QueryConnections_Sends0x1A_Status .............................   Passed    0.01 sec
test 58
        Start  58: MusicSubunitTests.QueryConnections_RetryWithUnit

58: Test command: /Users/mrmidi/DEV/FirWireDriver/ASFW/build/tests_build/MusicSubunitTests "--gtest_filter=MusicSubunitTests.QueryConnections_RetryWithUnit" "--gtest_also_run_disabled_tests"
58: Working Directory: /Users/mrmidi/DEV/FirWireDriver/ASFW/build/tests_build
58: Test timeout computed to be: 10000000
58: Running main() from /private/tmp/googletest-20250808-4780-aa0gxy/googletest-1.17.0/googletest/src/gtest_main.cc
58: Note: Google Test filter = MusicSubunitTests.QueryConnections_RetryWithUnit
58: [==========] Running 1 test from 1 test suite.
58: [----------] Global test environment set-up.
58: [----------] 1 test from MusicSubunitTests
58: [ RUN      ] MusicSubunitTests.QueryConnections_RetryWithUnit
58: [       OK ] MusicSubunitTests.QueryConnections_RetryWithUnit (0 ms)
58: [----------] 1 test from MusicSubunitTests (0 ms total)
58: 
58: [----------] Global test environment tear-down
58: [==========] 1 test from 1 test suite ran. (0 ms total)
58: [  PASSED  ] 1 test.
 58/122 Test  #58: MusicSubunitTests.QueryConnections_RetryWithUnit ................................   Passed    0.01 sec
test 59
        Start  59: MusicSubunitTests.SetAudioVolume_SendsCorrectCDB

59: Test command: /Users/mrmidi/DEV/FirWireDriver/ASFW/build/tests_build/MusicSubunitTests "--gtest_filter=MusicSubunitTests.SetAudioVolume_SendsCorrectCDB" "--gtest_also_run_disabled_tests"
59: Working Directory: /Users/mrmidi/DEV/FirWireDriver/ASFW/build/tests_build
59: Test timeout computed to be: 10000000
59: Running main() from /private/tmp/googletest-20250808-4780-aa0gxy/googletest-1.17.0/googletest/src/gtest_main.cc
59: Note: Google Test filter = MusicSubunitTests.SetAudioVolume_SendsCorrectCDB
59: [==========] Running 1 test from 1 test suite.
59: [----------] Global test environment set-up.
59: [----------] 1 test from MusicSubunitTests
59: [ RUN      ] MusicSubunitTests.SetAudioVolume_SendsCorrectCDB
59: [       OK ] MusicSubunitTests.SetAudioVolume_SendsCorrectCDB (0 ms)
59: [----------] 1 test from MusicSubunitTests (0 ms total)
59: 
59: [----------] Global test environment tear-down
59: [==========] 1 test from 1 test suite ran. (0 ms total)
59: [  PASSED  ] 1 test.
 59/122 Test  #59: MusicSubunitTests.SetAudioVolume_SendsCorrectCDB ................................   Passed    0.01 sec
test 60
        Start  60: StreamFormatParserTests.ParsesCompoundAM824_441kHz_2ch

60: Test command: /Users/mrmidi/DEV/FirWireDriver/ASFW/build/tests_build/StreamFormatParserTests "--gtest_filter=StreamFormatParserTests.ParsesCompoundAM824_441kHz_2ch" "--gtest_also_run_disabled_tests"
60: Working Directory: /Users/mrmidi/DEV/FirWireDriver/ASFW/build/tests_build
60: Test timeout computed to be: 10000000
60: Running main() from /private/tmp/googletest-20250808-4780-aa0gxy/googletest-1.17.0/googletest/src/gtest_main.cc
60: Note: Google Test filter = StreamFormatParserTests.ParsesCompoundAM824_441kHz_2ch
60: [==========] Running 1 test from 1 test suite.
60: [----------] Global test environment set-up.
60: [----------] 1 test from StreamFormatParserTests
60: [ RUN      ] StreamFormatParserTests.ParsesCompoundAM824_441kHz_2ch
60: [       OK ] StreamFormatParserTests.ParsesCompoundAM824_441kHz_2ch (0 ms)
60: [----------] 1 test from StreamFormatParserTests (0 ms total)
60: 
60: [----------] Global test environment tear-down
60: [==========] 1 test from 1 test suite ran. (0 ms total)
60: [  PASSED  ] 1 test.
 60/122 Test  #60: StreamFormatParserTests.ParsesCompoundAM824_441kHz_2ch ..........................   Passed    0.01 sec
test 61
        Start  61: StreamFormatParserTests.ParsesCompoundAM824_48kHz_2ch

61: Test command: /Users/mrmidi/DEV/FirWireDriver/ASFW/build/tests_build/StreamFormatParserTests "--gtest_filter=StreamFormatParserTests.ParsesCompoundAM824_48kHz_2ch" "--gtest_also_run_disabled_tests"
61: Working Directory: /Users/mrmidi/DEV/FirWireDriver/ASFW/build/tests_build
61: Test timeout computed to be: 10000000
61: Running main() from /private/tmp/googletest-20250808-4780-aa0gxy/googletest-1.17.0/googletest/src/gtest_main.cc
61: Note: Google Test filter = StreamFormatParserTests.ParsesCompoundAM824_48kHz_2ch
61: [==========] Running 1 test from 1 test suite.
61: [----------] Global test environment set-up.
61: [----------] 1 test from StreamFormatParserTests
61: [ RUN      ] StreamFormatParserTests.ParsesCompoundAM824_48kHz_2ch
61: [       OK ] StreamFormatParserTests.ParsesCompoundAM824_48kHz_2ch (0 ms)
61: [----------] 1 test from StreamFormatParserTests (0 ms total)
61: 
61: [----------] Global test environment tear-down
61: [==========] 1 test from 1 test suite ran. (0 ms total)
61: [  PASSED  ] 1 test.
 61/122 Test  #61: StreamFormatParserTests.ParsesCompoundAM824_48kHz_2ch ...........................   Passed    0.00 sec
test 62
        Start  62: StreamFormatParserTests.ParsesCompoundAM824_882kHz_2ch

62: Test command: /Users/mrmidi/DEV/FirWireDriver/ASFW/build/tests_build/StreamFormatParserTests "--gtest_filter=StreamFormatParserTests.ParsesCompoundAM824_882kHz_2ch" "--gtest_also_run_disabled_tests"
62: Working Directory: /Users/mrmidi/DEV/FirWireDriver/ASFW/build/tests_build
62: Test timeout computed to be: 10000000
62: Running main() from /private/tmp/googletest-20250808-4780-aa0gxy/googletest-1.17.0/googletest/src/gtest_main.cc
62: Note: Google Test filter = StreamFormatParserTests.ParsesCompoundAM824_882kHz_2ch
62: [==========] Running 1 test from 1 test suite.
62: [----------] Global test environment set-up.
62: [----------] 1 test from StreamFormatParserTests
62: [ RUN      ] StreamFormatParserTests.ParsesCompoundAM824_882kHz_2ch
62: [       OK ] StreamFormatParserTests.ParsesCompoundAM824_882kHz_2ch (0 ms)
62: [----------] 1 test from StreamFormatParserTests (0 ms total)
62: 
62: [----------] Global test environment tear-down
62: [==========] 1 test from 1 test suite ran. (0 ms total)
62: [  PASSED  ] 1 test.
 62/122 Test  #62: StreamFormatParserTests.ParsesCompoundAM824_882kHz_2ch ..........................   Passed    0.00 sec
test 63
        Start  63: StreamFormatParserTests.ParsesCompoundAM824_96kHz_2ch

63: Test command: /Users/mrmidi/DEV/FirWireDriver/ASFW/build/tests_build/StreamFormatParserTests "--gtest_filter=StreamFormatParserTests.ParsesCompoundAM824_96kHz_2ch" "--gtest_also_run_disabled_tests"
63: Working Directory: /Users/mrmidi/DEV/FirWireDriver/ASFW/build/tests_build
63: Test timeout computed to be: 10000000
63: Running main() from /private/tmp/googletest-20250808-4780-aa0gxy/googletest-1.17.0/googletest/src/gtest_main.cc
63: Note: Google Test filter = StreamFormatParserTests.ParsesCompoundAM824_96kHz_2ch
63: [==========] Running 1 test from 1 test suite.
63: [----------] Global test environment set-up.
63: [----------] 1 test from StreamFormatParserTests
63: [ RUN      ] StreamFormatParserTests.ParsesCompoundAM824_96kHz_2ch
63: [       OK ] StreamFormatParserTests.ParsesCompoundAM824_96kHz_2ch (0 ms)
63: [----------] 1 test from StreamFormatParserTests (0 ms total)
63: 
63: [----------] Global test environment tear-down
63: [==========] 1 test from 1 test suite ran. (0 ms total)
63: [  PASSED  ] 1 test.
 63/122 Test  #63: StreamFormatParserTests.ParsesCompoundAM824_96kHz_2ch ...........................   Passed    0.00 sec
test 64
        Start  64: StreamFormatParserTests.ParsesSimpleAM824_3Byte_SyncStream

64: Test command: /Users/mrmidi/DEV/FirWireDriver/ASFW/build/tests_build/StreamFormatParserTests "--gtest_filter=StreamFormatParserTests.ParsesSimpleAM824_3Byte_SyncStream" "--gtest_also_run_disabled_tests"
64: Working Directory: /Users/mrmidi/DEV/FirWireDriver/ASFW/build/tests_build
64: Test timeout computed to be: 10000000
64: Running main() from /private/tmp/googletest-20250808-4780-aa0gxy/googletest-1.17.0/googletest/src/gtest_main.cc
64: Note: Google Test filter = StreamFormatParserTests.ParsesSimpleAM824_3Byte_SyncStream
64: [==========] Running 1 test from 1 test suite.
64: [----------] Global test environment set-up.
64: [----------] 1 test from StreamFormatParserTests
64: [ RUN      ] StreamFormatParserTests.ParsesSimpleAM824_3Byte_SyncStream
64: [       OK ] StreamFormatParserTests.ParsesSimpleAM824_3Byte_SyncStream (0 ms)
64: [----------] 1 test from StreamFormatParserTests (0 ms total)
64: 
64: [----------] Global test environment tear-down
64: [==========] 1 test from 1 test suite ran. (0 ms total)
64: [  PASSED  ] 1 test.
 64/122 Test  #64: StreamFormatParserTests.ParsesSimpleAM824_3Byte_SyncStream ......................   Passed    0.00 sec
test 65
        Start  65: StreamFormatParserTests.ParsesSimpleAM824_6Byte_48kHz

65: Test command: /Users/mrmidi/DEV/FirWireDriver/ASFW/build/tests_build/StreamFormatParserTests "--gtest_filter=StreamFormatParserTests.ParsesSimpleAM824_6Byte_48kHz" "--gtest_also_run_disabled_tests"
65: Working Directory: /Users/mrmidi/DEV/FirWireDriver/ASFW/build/tests_build
65: Test timeout computed to be: 10000000
65: Running main() from /private/tmp/googletest-20250808-4780-aa0gxy/googletest-1.17.0/googletest/src/gtest_main.cc
65: Note: Google Test filter = StreamFormatParserTests.ParsesSimpleAM824_6Byte_48kHz
65: [==========] Running 1 test from 1 test suite.
65: [----------] Global test environment set-up.
65: [----------] 1 test from StreamFormatParserTests
65: [ RUN      ] StreamFormatParserTests.ParsesSimpleAM824_6Byte_48kHz
65: /Users/mrmidi/DEV/FirWireDriver/ASFW/tests/StreamFormatParserTests.cpp:109: Failure
65: Expected equality of these values:
65:   result->sampleRate
65:     Which is: 1-byte object <02>
65:   SampleRate::k48000Hz
65:     Which is: 1-byte object <04>
65: 
65: [  FAILED  ] StreamFormatParserTests.ParsesSimpleAM824_6Byte_48kHz (0 ms)
65: [----------] 1 test from StreamFormatParserTests (0 ms total)
65: 
65: [----------] Global test environment tear-down
65: [==========] 1 test from 1 test suite ran. (0 ms total)
65: [  PASSED  ] 0 tests.
65: [  FAILED  ] 1 test, listed below:
65: [  FAILED  ] StreamFormatParserTests.ParsesSimpleAM824_6Byte_48kHz
65: 
65:  1 FAILED TEST
 65/122 Test  #65: StreamFormatParserTests.ParsesSimpleAM824_6Byte_48kHz ...........................***Failed    0.00 sec
test 66
        Start  66: StreamFormatParserTests.ParsesApogeeNibbleRate48k

66: Test command: /Users/mrmidi/DEV/FirWireDriver/ASFW/build/tests_build/StreamFormatParserTests "--gtest_filter=StreamFormatParserTests.ParsesApogeeNibbleRate48k" "--gtest_also_run_disabled_tests"
66: Working Directory: /Users/mrmidi/DEV/FirWireDriver/ASFW/build/tests_build
66: Test timeout computed to be: 10000000
66: Running main() from /private/tmp/googletest-20250808-4780-aa0gxy/googletest-1.17.0/googletest/src/gtest_main.cc
66: Note: Google Test filter = StreamFormatParserTests.ParsesApogeeNibbleRate48k
66: [==========] Running 1 test from 1 test suite.
66: [----------] Global test environment set-up.
66: [----------] 1 test from StreamFormatParserTests
66: [ RUN      ] StreamFormatParserTests.ParsesApogeeNibbleRate48k
66: [       OK ] StreamFormatParserTests.ParsesApogeeNibbleRate48k (0 ms)
66: [----------] 1 test from StreamFormatParserTests (0 ms total)
66: 
66: [----------] Global test environment tear-down
66: [==========] 1 test from 1 test suite ran. (0 ms total)
66: [  PASSED  ] 1 test.
 66/122 Test  #66: StreamFormatParserTests.ParsesApogeeNibbleRate48k ...............................   Passed    0.00 sec
test 67
        Start  67: StreamFormatParserTests.ParsesApogeeMusicRate441

67: Test command: /Users/mrmidi/DEV/FirWireDriver/ASFW/build/tests_build/StreamFormatParserTests "--gtest_filter=StreamFormatParserTests.ParsesApogeeMusicRate441" "--gtest_also_run_disabled_tests"
67: Working Directory: /Users/mrmidi/DEV/FirWireDriver/ASFW/build/tests_build
67: Test timeout computed to be: 10000000
67: Running main() from /private/tmp/googletest-20250808-4780-aa0gxy/googletest-1.17.0/googletest/src/gtest_main.cc
67: Note: Google Test filter = StreamFormatParserTests.ParsesApogeeMusicRate441
67: [==========] Running 1 test from 1 test suite.
67: [----------] Global test environment set-up.
67: [----------] 1 test from StreamFormatParserTests
67: [ RUN      ] StreamFormatParserTests.ParsesApogeeMusicRate441
67: [       OK ] StreamFormatParserTests.ParsesApogeeMusicRate441 (0 ms)
67: [----------] 1 test from StreamFormatParserTests (0 ms total)
67: 
67: [----------] Global test environment tear-down
67: [==========] 1 test from 1 test suite ran. (0 ms total)
67: [  PASSED  ] 1 test.
 67/122 Test  #67: StreamFormatParserTests.ParsesApogeeMusicRate441 ................................   Passed    0.00 sec
test 68
        Start  68: StreamFormatParserTests.ParsesStandardAM824

68: Test command: /Users/mrmidi/DEV/FirWireDriver/ASFW/build/tests_build/StreamFormatParserTests "--gtest_filter=StreamFormatParserTests.ParsesStandardAM824" "--gtest_also_run_disabled_tests"
68: Working Directory: /Users/mrmidi/DEV/FirWireDriver/ASFW/build/tests_build
68: Test timeout computed to be: 10000000
68: Running main() from /private/tmp/googletest-20250808-4780-aa0gxy/googletest-1.17.0/googletest/src/gtest_main.cc
68: Note: Google Test filter = StreamFormatParserTests.ParsesStandardAM824
68: [==========] Running 1 test from 1 test suite.
68: [----------] Global test environment set-up.
68: [----------] 1 test from StreamFormatParserTests
68: [ RUN      ] StreamFormatParserTests.ParsesStandardAM824
68: [       OK ] StreamFormatParserTests.ParsesStandardAM824 (0 ms)
68: [----------] 1 test from StreamFormatParserTests (0 ms total)
68: 
68: [----------] Global test environment tear-down
68: [==========] 1 test from 1 test suite ran. (0 ms total)
68: [  PASSED  ] 1 test.
 68/122 Test  #68: StreamFormatParserTests.ParsesStandardAM824 .....................................   Passed    0.00 sec
test 69
        Start  69: StreamFormatParserTests.RejectsInvalidFormatHierarchy

69: Test command: /Users/mrmidi/DEV/FirWireDriver/ASFW/build/tests_build/StreamFormatParserTests "--gtest_filter=StreamFormatParserTests.RejectsInvalidFormatHierarchy" "--gtest_also_run_disabled_tests"
69: Working Directory: /Users/mrmidi/DEV/FirWireDriver/ASFW/build/tests_build
69: Test timeout computed to be: 10000000
69: Running main() from /private/tmp/googletest-20250808-4780-aa0gxy/googletest-1.17.0/googletest/src/gtest_main.cc
69: Note: Google Test filter = StreamFormatParserTests.RejectsInvalidFormatHierarchy
69: [==========] Running 1 test from 1 test suite.
69: [----------] Global test environment set-up.
69: [----------] 1 test from StreamFormatParserTests
69: [ RUN      ] StreamFormatParserTests.RejectsInvalidFormatHierarchy
69: [       OK ] StreamFormatParserTests.RejectsInvalidFormatHierarchy (0 ms)
69: [----------] 1 test from StreamFormatParserTests (0 ms total)
69: 
69: [----------] Global test environment tear-down
69: [==========] 1 test from 1 test suite ran. (0 ms total)
69: [  PASSED  ] 1 test.
 69/122 Test  #69: StreamFormatParserTests.RejectsInvalidFormatHierarchy ...........................   Passed    0.00 sec
test 70
        Start  70: StreamFormatParserTests.RejectsLegacySimple0x00

70: Test command: /Users/mrmidi/DEV/FirWireDriver/ASFW/build/tests_build/StreamFormatParserTests "--gtest_filter=StreamFormatParserTests.RejectsLegacySimple0x00" "--gtest_also_run_disabled_tests"
70: Working Directory: /Users/mrmidi/DEV/FirWireDriver/ASFW/build/tests_build
70: Test timeout computed to be: 10000000
70: Running main() from /private/tmp/googletest-20250808-4780-aa0gxy/googletest-1.17.0/googletest/src/gtest_main.cc
70: Note: Google Test filter = StreamFormatParserTests.RejectsLegacySimple0x00
70: [==========] Running 1 test from 1 test suite.
70: [----------] Global test environment set-up.
70: [----------] 1 test from StreamFormatParserTests
70: [ RUN      ] StreamFormatParserTests.RejectsLegacySimple0x00
70: [       OK ] StreamFormatParserTests.RejectsLegacySimple0x00 (0 ms)
70: [----------] 1 test from StreamFormatParserTests (0 ms total)
70: 
70: [----------] Global test environment tear-down
70: [==========] 1 test from 1 test suite ran. (0 ms total)
70: [  PASSED  ] 1 test.
 70/122 Test  #70: StreamFormatParserTests.RejectsLegacySimple0x00 .................................   Passed    0.00 sec
test 71
        Start  71: StreamFormatParserTests.RejectsLegacyGeneric0x01

71: Test command: /Users/mrmidi/DEV/FirWireDriver/ASFW/build/tests_build/StreamFormatParserTests "--gtest_filter=StreamFormatParserTests.RejectsLegacyGeneric0x01" "--gtest_also_run_disabled_tests"
71: Working Directory: /Users/mrmidi/DEV/FirWireDriver/ASFW/build/tests_build
71: Test timeout computed to be: 10000000
71: Running main() from /private/tmp/googletest-20250808-4780-aa0gxy/googletest-1.17.0/googletest/src/gtest_main.cc
71: Note: Google Test filter = StreamFormatParserTests.RejectsLegacyGeneric0x01
71: [==========] Running 1 test from 1 test suite.
71: [----------] Global test environment set-up.
71: [----------] 1 test from StreamFormatParserTests
71: [ RUN      ] StreamFormatParserTests.RejectsLegacyGeneric0x01
71: [       OK ] StreamFormatParserTests.RejectsLegacyGeneric0x01 (0 ms)
71: [----------] 1 test from StreamFormatParserTests (0 ms total)
71: 
71: [----------] Global test environment tear-down
71: [==========] 1 test from 1 test suite ran. (0 ms total)
71: [  PASSED  ] 1 test.
 71/122 Test  #71: StreamFormatParserTests.RejectsLegacyGeneric0x01 ................................   Passed    0.00 sec
test 72
        Start  72: StreamFormatParserTests.RejectsTooShortData

72: Test command: /Users/mrmidi/DEV/FirWireDriver/ASFW/build/tests_build/StreamFormatParserTests "--gtest_filter=StreamFormatParserTests.RejectsTooShortData" "--gtest_also_run_disabled_tests"
72: Working Directory: /Users/mrmidi/DEV/FirWireDriver/ASFW/build/tests_build
72: Test timeout computed to be: 10000000
72: Running main() from /private/tmp/googletest-20250808-4780-aa0gxy/googletest-1.17.0/googletest/src/gtest_main.cc
72: Note: Google Test filter = StreamFormatParserTests.RejectsTooShortData
72: [==========] Running 1 test from 1 test suite.
72: [----------] Global test environment set-up.
72: [----------] 1 test from StreamFormatParserTests
72: [ RUN      ] StreamFormatParserTests.RejectsTooShortData
72: [       OK ] StreamFormatParserTests.RejectsTooShortData (0 ms)
72: [----------] 1 test from StreamFormatParserTests (0 ms total)
72: 
72: [----------] Global test environment tear-down
72: [==========] 1 test from 1 test suite ran. (0 ms total)
72: [  PASSED  ] 1 test.
 72/122 Test  #72: StreamFormatParserTests.RejectsTooShortData .....................................   Passed    0.00 sec
test 73
        Start  73: StreamFormatParserTests.RejectsNullPointer

73: Test command: /Users/mrmidi/DEV/FirWireDriver/ASFW/build/tests_build/StreamFormatParserTests "--gtest_filter=StreamFormatParserTests.RejectsNullPointer" "--gtest_also_run_disabled_tests"
73: Working Directory: /Users/mrmidi/DEV/FirWireDriver/ASFW/build/tests_build
73: Test timeout computed to be: 10000000
73: Running main() from /private/tmp/googletest-20250808-4780-aa0gxy/googletest-1.17.0/googletest/src/gtest_main.cc
73: Note: Google Test filter = StreamFormatParserTests.RejectsNullPointer
73: [==========] Running 1 test from 1 test suite.
73: [----------] Global test environment set-up.
73: [----------] 1 test from StreamFormatParserTests
73: [ RUN      ] StreamFormatParserTests.RejectsNullPointer
73: [       OK ] StreamFormatParserTests.RejectsNullPointer (0 ms)
73: [----------] 1 test from StreamFormatParserTests (0 ms total)
73: 
73: [----------] Global test environment tear-down
73: [==========] 1 test from 1 test suite ran. (0 ms total)
73: [  PASSED  ] 1 test.
 73/122 Test  #73: StreamFormatParserTests.RejectsNullPointer ......................................   Passed    0.00 sec
test 74
        Start  74: StreamFormatParserTests.RejectsZeroLength

74: Test command: /Users/mrmidi/DEV/FirWireDriver/ASFW/build/tests_build/StreamFormatParserTests "--gtest_filter=StreamFormatParserTests.RejectsZeroLength" "--gtest_also_run_disabled_tests"
74: Working Directory: /Users/mrmidi/DEV/FirWireDriver/ASFW/build/tests_build
74: Test timeout computed to be: 10000000
74: Running main() from /private/tmp/googletest-20250808-4780-aa0gxy/googletest-1.17.0/googletest/src/gtest_main.cc
74: Note: Google Test filter = StreamFormatParserTests.RejectsZeroLength
74: [==========] Running 1 test from 1 test suite.
74: [----------] Global test environment set-up.
74: [----------] 1 test from StreamFormatParserTests
74: [ RUN      ] StreamFormatParserTests.RejectsZeroLength
74: [       OK ] StreamFormatParserTests.RejectsZeroLength (0 ms)
74: [----------] 1 test from StreamFormatParserTests (0 ms total)
74: 
74: [----------] Global test environment tear-down
74: [==========] 1 test from 1 test suite ran. (0 ms total)
74: [  PASSED  ] 1 test.
 74/122 Test  #74: StreamFormatParserTests.RejectsZeroLength .......................................   Passed    0.00 sec
test 75
        Start  75: StreamFormatParserTests.RejectsUnknownSubtype

75: Test command: /Users/mrmidi/DEV/FirWireDriver/ASFW/build/tests_build/StreamFormatParserTests "--gtest_filter=StreamFormatParserTests.RejectsUnknownSubtype" "--gtest_also_run_disabled_tests"
75: Working Directory: /Users/mrmidi/DEV/FirWireDriver/ASFW/build/tests_build
75: Test timeout computed to be: 10000000
75: Running main() from /private/tmp/googletest-20250808-4780-aa0gxy/googletest-1.17.0/googletest/src/gtest_main.cc
75: Note: Google Test filter = StreamFormatParserTests.RejectsUnknownSubtype
75: [==========] Running 1 test from 1 test suite.
75: [----------] Global test environment set-up.
75: [----------] 1 test from StreamFormatParserTests
75: [ RUN      ] StreamFormatParserTests.RejectsUnknownSubtype
75: [       OK ] StreamFormatParserTests.RejectsUnknownSubtype (0 ms)
75: [----------] 1 test from StreamFormatParserTests (0 ms total)
75: 
75: [----------] Global test environment tear-down
75: [==========] 1 test from 1 test suite ran. (0 ms total)
75: [  PASSED  ] 1 test.
 75/122 Test  #75: StreamFormatParserTests.RejectsUnknownSubtype ...................................   Passed    0.00 sec
test 76
        Start  76: StreamFormatParserTests.ParsesSampleRate22050Hz

76: Test command: /Users/mrmidi/DEV/FirWireDriver/ASFW/build/tests_build/StreamFormatParserTests "--gtest_filter=StreamFormatParserTests.ParsesSampleRate22050Hz" "--gtest_also_run_disabled_tests"
76: Working Directory: /Users/mrmidi/DEV/FirWireDriver/ASFW/build/tests_build
76: Test timeout computed to be: 10000000
76: Running main() from /private/tmp/googletest-20250808-4780-aa0gxy/googletest-1.17.0/googletest/src/gtest_main.cc
76: Note: Google Test filter = StreamFormatParserTests.ParsesSampleRate22050Hz
76: [==========] Running 1 test from 1 test suite.
76: [----------] Global test environment set-up.
76: [----------] 1 test from StreamFormatParserTests
76: [ RUN      ] StreamFormatParserTests.ParsesSampleRate22050Hz
76: [       OK ] StreamFormatParserTests.ParsesSampleRate22050Hz (0 ms)
76: [----------] 1 test from StreamFormatParserTests (0 ms total)
76: 
76: [----------] Global test environment tear-down
76: [==========] 1 test from 1 test suite ran. (0 ms total)
76: [  PASSED  ] 1 test.
 76/122 Test  #76: StreamFormatParserTests.ParsesSampleRate22050Hz .................................   Passed    0.00 sec
test 77
        Start  77: StreamFormatParserTests.ParsesSampleRate24000Hz

77: Test command: /Users/mrmidi/DEV/FirWireDriver/ASFW/build/tests_build/StreamFormatParserTests "--gtest_filter=StreamFormatParserTests.ParsesSampleRate24000Hz" "--gtest_also_run_disabled_tests"
77: Working Directory: /Users/mrmidi/DEV/FirWireDriver/ASFW/build/tests_build
77: Test timeout computed to be: 10000000
77: Running main() from /private/tmp/googletest-20250808-4780-aa0gxy/googletest-1.17.0/googletest/src/gtest_main.cc
77: Note: Google Test filter = StreamFormatParserTests.ParsesSampleRate24000Hz
77: [==========] Running 1 test from 1 test suite.
77: [----------] Global test environment set-up.
77: [----------] 1 test from StreamFormatParserTests
77: [ RUN      ] StreamFormatParserTests.ParsesSampleRate24000Hz
77: [       OK ] StreamFormatParserTests.ParsesSampleRate24000Hz (0 ms)
77: [----------] 1 test from StreamFormatParserTests (0 ms total)
77: 
77: [----------] Global test environment tear-down
77: [==========] 1 test from 1 test suite ran. (0 ms total)
77: [  PASSED  ] 1 test.
 77/122 Test  #77: StreamFormatParserTests.ParsesSampleRate24000Hz .................................   Passed    0.00 sec
test 78
        Start  78: StreamFormatParserTests.ParsesSampleRate32000Hz

78: Test command: /Users/mrmidi/DEV/FirWireDriver/ASFW/build/tests_build/StreamFormatParserTests "--gtest_filter=StreamFormatParserTests.ParsesSampleRate32000Hz" "--gtest_also_run_disabled_tests"
78: Working Directory: /Users/mrmidi/DEV/FirWireDriver/ASFW/build/tests_build
78: Test timeout computed to be: 10000000
78: Running main() from /private/tmp/googletest-20250808-4780-aa0gxy/googletest-1.17.0/googletest/src/gtest_main.cc
78: Note: Google Test filter = StreamFormatParserTests.ParsesSampleRate32000Hz
78: [==========] Running 1 test from 1 test suite.
78: [----------] Global test environment set-up.
78: [----------] 1 test from StreamFormatParserTests
78: [ RUN      ] StreamFormatParserTests.ParsesSampleRate32000Hz
78: [       OK ] StreamFormatParserTests.ParsesSampleRate32000Hz (0 ms)
78: [----------] 1 test from StreamFormatParserTests (0 ms total)
78: 
78: [----------] Global test environment tear-down
78: [==========] 1 test from 1 test suite ran. (0 ms total)
78: [  PASSED  ] 1 test.
 78/122 Test  #78: StreamFormatParserTests.ParsesSampleRate32000Hz .................................   Passed    0.00 sec
test 79
        Start  79: StreamFormatParserTests.ParsesSampleRate176400Hz

79: Test command: /Users/mrmidi/DEV/FirWireDriver/ASFW/build/tests_build/StreamFormatParserTests "--gtest_filter=StreamFormatParserTests.ParsesSampleRate176400Hz" "--gtest_also_run_disabled_tests"
79: Working Directory: /Users/mrmidi/DEV/FirWireDriver/ASFW/build/tests_build
79: Test timeout computed to be: 10000000
79: Running main() from /private/tmp/googletest-20250808-4780-aa0gxy/googletest-1.17.0/googletest/src/gtest_main.cc
79: Note: Google Test filter = StreamFormatParserTests.ParsesSampleRate176400Hz
79: [==========] Running 1 test from 1 test suite.
79: [----------] Global test environment set-up.
79: [----------] 1 test from StreamFormatParserTests
79: [ RUN      ] StreamFormatParserTests.ParsesSampleRate176400Hz
79: [       OK ] StreamFormatParserTests.ParsesSampleRate176400Hz (0 ms)
79: [----------] 1 test from StreamFormatParserTests (0 ms total)
79: 
79: [----------] Global test environment tear-down
79: [==========] 1 test from 1 test suite ran. (0 ms total)
79: [  PASSED  ] 1 test.
 79/122 Test  #79: StreamFormatParserTests.ParsesSampleRate176400Hz ................................   Passed    0.00 sec
test 80
        Start  80: StreamFormatParserTests.ParsesSampleRate192000Hz

80: Test command: /Users/mrmidi/DEV/FirWireDriver/ASFW/build/tests_build/StreamFormatParserTests "--gtest_filter=StreamFormatParserTests.ParsesSampleRate192000Hz" "--gtest_also_run_disabled_tests"
80: Working Directory: /Users/mrmidi/DEV/FirWireDriver/ASFW/build/tests_build
80: Test timeout computed to be: 10000000
80: Running main() from /private/tmp/googletest-20250808-4780-aa0gxy/googletest-1.17.0/googletest/src/gtest_main.cc
80: Note: Google Test filter = StreamFormatParserTests.ParsesSampleRate192000Hz
80: [==========] Running 1 test from 1 test suite.
80: [----------] Global test environment set-up.
80: [----------] 1 test from StreamFormatParserTests
80: [ RUN      ] StreamFormatParserTests.ParsesSampleRate192000Hz
80: [       OK ] StreamFormatParserTests.ParsesSampleRate192000Hz (0 ms)
80: [----------] 1 test from StreamFormatParserTests (0 ms total)
80: 
80: [----------] Global test environment tear-down
80: [==========] 1 test from 1 test suite ran. (0 ms total)
80: [  PASSED  ] 1 test.
 80/122 Test  #80: StreamFormatParserTests.ParsesSampleRate192000Hz ................................   Passed    0.00 sec
test 81
        Start  81: StreamFormatParserTests.ParsesSampleRateDontCare

81: Test command: /Users/mrmidi/DEV/FirWireDriver/ASFW/build/tests_build/StreamFormatParserTests "--gtest_filter=StreamFormatParserTests.ParsesSampleRateDontCare" "--gtest_also_run_disabled_tests"
81: Working Directory: /Users/mrmidi/DEV/FirWireDriver/ASFW/build/tests_build
81: Test timeout computed to be: 10000000
81: Running main() from /private/tmp/googletest-20250808-4780-aa0gxy/googletest-1.17.0/googletest/src/gtest_main.cc
81: Note: Google Test filter = StreamFormatParserTests.ParsesSampleRateDontCare
81: [==========] Running 1 test from 1 test suite.
81: [----------] Global test environment set-up.
81: [----------] 1 test from StreamFormatParserTests
81: [ RUN      ] StreamFormatParserTests.ParsesSampleRateDontCare
81: [       OK ] StreamFormatParserTests.ParsesSampleRateDontCare (0 ms)
81: [----------] 1 test from StreamFormatParserTests (0 ms total)
81: 
81: [----------] Global test environment tear-down
81: [==========] 1 test from 1 test suite ran. (0 ms total)
81: [  PASSED  ] 1 test.
 81/122 Test  #81: StreamFormatParserTests.ParsesSampleRateDontCare ................................   Passed    0.00 sec
test 82
        Start  82: StreamFormatParserTests.ParsesUnknownSampleRate

82: Test command: /Users/mrmidi/DEV/FirWireDriver/ASFW/build/tests_build/StreamFormatParserTests "--gtest_filter=StreamFormatParserTests.ParsesUnknownSampleRate" "--gtest_also_run_disabled_tests"
82: Working Directory: /Users/mrmidi/DEV/FirWireDriver/ASFW/build/tests_build
82: Test timeout computed to be: 10000000
82: Running main() from /private/tmp/googletest-20250808-4780-aa0gxy/googletest-1.17.0/googletest/src/gtest_main.cc
82: Note: Google Test filter = StreamFormatParserTests.ParsesUnknownSampleRate
82: [==========] Running 1 test from 1 test suite.
82: [----------] Global test environment set-up.
82: [----------] 1 test from StreamFormatParserTests
82: [ RUN      ] StreamFormatParserTests.ParsesUnknownSampleRate
82: [       OK ] StreamFormatParserTests.ParsesUnknownSampleRate (0 ms)
82: [----------] 1 test from StreamFormatParserTests (0 ms total)
82: 
82: [----------] Global test environment tear-down
82: [==========] 1 test from 1 test suite ran. (0 ms total)
82: [  PASSED  ] 1 test.
 82/122 Test  #82: StreamFormatParserTests.ParsesUnknownSampleRate .................................   Passed    0.00 sec
test 83
        Start  83: StreamFormatParserTests.ParsesSyncModeEnabled

83: Test command: /Users/mrmidi/DEV/FirWireDriver/ASFW/build/tests_build/StreamFormatParserTests "--gtest_filter=StreamFormatParserTests.ParsesSyncModeEnabled" "--gtest_also_run_disabled_tests"
83: Working Directory: /Users/mrmidi/DEV/FirWireDriver/ASFW/build/tests_build
83: Test timeout computed to be: 10000000
83: Running main() from /private/tmp/googletest-20250808-4780-aa0gxy/googletest-1.17.0/googletest/src/gtest_main.cc
83: Note: Google Test filter = StreamFormatParserTests.ParsesSyncModeEnabled
83: [==========] Running 1 test from 1 test suite.
83: [----------] Global test environment set-up.
83: [----------] 1 test from StreamFormatParserTests
83: [ RUN      ] StreamFormatParserTests.ParsesSyncModeEnabled
83: [       OK ] StreamFormatParserTests.ParsesSyncModeEnabled (0 ms)
83: [----------] 1 test from StreamFormatParserTests (0 ms total)
83: 
83: [----------] Global test environment tear-down
83: [==========] 1 test from 1 test suite ran. (0 ms total)
83: [  PASSED  ] 1 test.
 83/122 Test  #83: StreamFormatParserTests.ParsesSyncModeEnabled ...................................   Passed    0.00 sec
test 84
        Start  84: StreamFormatParserTests.ParsesSyncModeDisabled

84: Test command: /Users/mrmidi/DEV/FirWireDriver/ASFW/build/tests_build/StreamFormatParserTests "--gtest_filter=StreamFormatParserTests.ParsesSyncModeDisabled" "--gtest_also_run_disabled_tests"
84: Working Directory: /Users/mrmidi/DEV/FirWireDriver/ASFW/build/tests_build
84: Test timeout computed to be: 10000000
84: Running main() from /private/tmp/googletest-20250808-4780-aa0gxy/googletest-1.17.0/googletest/src/gtest_main.cc
84: Note: Google Test filter = StreamFormatParserTests.ParsesSyncModeDisabled
84: [==========] Running 1 test from 1 test suite.
84: [----------] Global test environment set-up.
84: [----------] 1 test from StreamFormatParserTests
84: [ RUN      ] StreamFormatParserTests.ParsesSyncModeDisabled
84: [       OK ] StreamFormatParserTests.ParsesSyncModeDisabled (0 ms)
84: [----------] 1 test from StreamFormatParserTests (0 ms total)
84: 
84: [----------] Global test environment tear-down
84: [==========] 1 test from 1 test suite ran. (0 ms total)
84: [  PASSED  ] 1 test.
 84/122 Test  #84: StreamFormatParserTests.ParsesSyncModeDisabled ..................................   Passed    0.00 sec
test 85
        Start  85: AsyncSubsystemAccessorTest.GetTracking_ReturnsNullWhenNotInitialized

85: Test command: /Users/mrmidi/DEV/FirWireDriver/ASFW/build/tests_build/AsyncSubsystemAccessorTests "--gtest_filter=AsyncSubsystemAccessorTest.GetTracking_ReturnsNullWhenNotInitialized" "--gtest_also_run_disabled_tests"
85: Working Directory: /Users/mrmidi/DEV/FirWireDriver/ASFW/build/tests_build
85: Test timeout computed to be: 10000000
85: Running main() from /private/tmp/googletest-20250808-4780-aa0gxy/googletest-1.17.0/googletest/src/gtest_main.cc
85: Note: Google Test filter = AsyncSubsystemAccessorTest.GetTracking_ReturnsNullWhenNotInitialized
85: [==========] Running 1 test from 1 test suite.
85: [----------] Global test environment set-up.
85: [----------] 1 test from AsyncSubsystemAccessorTest
85: [ RUN      ] AsyncSubsystemAccessorTest.GetTracking_ReturnsNullWhenNotInitialized
85: [       OK ] AsyncSubsystemAccessorTest.GetTracking_ReturnsNullWhenNotInitialized (0 ms)
85: [----------] 1 test from AsyncSubsystemAccessorTest (0 ms total)
85: 
85: [----------] Global test environment tear-down
85: [==========] 1 test from 1 test suite ran. (0 ms total)
85: [  PASSED  ] 1 test.
 85/122 Test  #85: AsyncSubsystemAccessorTest.GetTracking_ReturnsNullWhenNotInitialized ............   Passed    0.00 sec
test 86
        Start  86: AsyncSubsystemAccessorTest.GetDescriptorBuilder_ReturnsNullWhenNotInitialized

86: Test command: /Users/mrmidi/DEV/FirWireDriver/ASFW/build/tests_build/AsyncSubsystemAccessorTests "--gtest_filter=AsyncSubsystemAccessorTest.GetDescriptorBuilder_ReturnsNullWhenNotInitialized" "--gtest_also_run_disabled_tests"
86: Working Directory: /Users/mrmidi/DEV/FirWireDriver/ASFW/build/tests_build
86: Test timeout computed to be: 10000000
86: Running main() from /private/tmp/googletest-20250808-4780-aa0gxy/googletest-1.17.0/googletest/src/gtest_main.cc
86: Note: Google Test filter = AsyncSubsystemAccessorTest.GetDescriptorBuilder_ReturnsNullWhenNotInitialized
86: [==========] Running 1 test from 1 test suite.
86: [----------] Global test environment set-up.
86: [----------] 1 test from AsyncSubsystemAccessorTest
86: [ RUN      ] AsyncSubsystemAccessorTest.GetDescriptorBuilder_ReturnsNullWhenNotInitialized
86: [       OK ] AsyncSubsystemAccessorTest.GetDescriptorBuilder_ReturnsNullWhenNotInitialized (0 ms)
86: [----------] 1 test from AsyncSubsystemAccessorTest (0 ms total)
86: 
86: [----------] Global test environment tear-down
86: [==========] 1 test from 1 test suite ran. (0 ms total)
86: [  PASSED  ] 1 test.
 86/122 Test  #86: AsyncSubsystemAccessorTest.GetDescriptorBuilder_ReturnsNullWhenNotInitialized ...   Passed    0.00 sec
test 87
        Start  87: AsyncSubsystemAccessorTest.GetPacketBuilder_ReturnsNullWhenNotInitialized

87: Test command: /Users/mrmidi/DEV/FirWireDriver/ASFW/build/tests_build/AsyncSubsystemAccessorTests "--gtest_filter=AsyncSubsystemAccessorTest.GetPacketBuilder_ReturnsNullWhenNotInitialized" "--gtest_also_run_disabled_tests"
87: Working Directory: /Users/mrmidi/DEV/FirWireDriver/ASFW/build/tests_build
87: Test timeout computed to be: 10000000
87: Running main() from /private/tmp/googletest-20250808-4780-aa0gxy/googletest-1.17.0/googletest/src/gtest_main.cc
87: Note: Google Test filter = AsyncSubsystemAccessorTest.GetPacketBuilder_ReturnsNullWhenNotInitialized
87: [==========] Running 1 test from 1 test suite.
87: [----------] Global test environment set-up.
87: [----------] 1 test from AsyncSubsystemAccessorTest
87: [ RUN      ] AsyncSubsystemAccessorTest.GetPacketBuilder_ReturnsNullWhenNotInitialized
87: [       OK ] AsyncSubsystemAccessorTest.GetPacketBuilder_ReturnsNullWhenNotInitialized (0 ms)
87: [----------] 1 test from AsyncSubsystemAccessorTest (0 ms total)
87: 
87: [----------] Global test environment tear-down
87: [==========] 1 test from 1 test suite ran. (0 ms total)
87: [  PASSED  ] 1 test.
 87/122 Test  #87: AsyncSubsystemAccessorTest.GetPacketBuilder_ReturnsNullWhenNotInitialized .......   Passed    0.00 sec
test 88
        Start  88: AsyncSubsystemAccessorTest.GetSubmitter_ReturnsNullWhenNotInitialized

88: Test command: /Users/mrmidi/DEV/FirWireDriver/ASFW/build/tests_build/AsyncSubsystemAccessorTests "--gtest_filter=AsyncSubsystemAccessorTest.GetSubmitter_ReturnsNullWhenNotInitialized" "--gtest_also_run_disabled_tests"
88: Working Directory: /Users/mrmidi/DEV/FirWireDriver/ASFW/build/tests_build
88: Test timeout computed to be: 10000000
88: Running main() from /private/tmp/googletest-20250808-4780-aa0gxy/googletest-1.17.0/googletest/src/gtest_main.cc
88: Note: Google Test filter = AsyncSubsystemAccessorTest.GetSubmitter_ReturnsNullWhenNotInitialized
88: [==========] Running 1 test from 1 test suite.
88: [----------] Global test environment set-up.
88: [----------] 1 test from AsyncSubsystemAccessorTest
88: [ RUN      ] AsyncSubsystemAccessorTest.GetSubmitter_ReturnsNullWhenNotInitialized
88: [       OK ] AsyncSubsystemAccessorTest.GetSubmitter_ReturnsNullWhenNotInitialized (0 ms)
88: [----------] 1 test from AsyncSubsystemAccessorTest (0 ms total)
88: 
88: [----------] Global test environment tear-down
88: [==========] 1 test from 1 test suite ran. (0 ms total)
88: [  PASSED  ] 1 test.
 88/122 Test  #88: AsyncSubsystemAccessorTest.GetSubmitter_ReturnsNullWhenNotInitialized ...........   Passed    0.00 sec
test 89
        Start  89: AsyncSubsystemAccessorTest.GetHardware_ReturnsNullWhenNotInitialized

89: Test command: /Users/mrmidi/DEV/FirWireDriver/ASFW/build/tests_build/AsyncSubsystemAccessorTests "--gtest_filter=AsyncSubsystemAccessorTest.GetHardware_ReturnsNullWhenNotInitialized" "--gtest_also_run_disabled_tests"
89: Working Directory: /Users/mrmidi/DEV/FirWireDriver/ASFW/build/tests_build
89: Test timeout computed to be: 10000000
89: Running main() from /private/tmp/googletest-20250808-4780-aa0gxy/googletest-1.17.0/googletest/src/gtest_main.cc
89: Note: Google Test filter = AsyncSubsystemAccessorTest.GetHardware_ReturnsNullWhenNotInitialized
89: [==========] Running 1 test from 1 test suite.
89: [----------] Global test environment set-up.
89: [----------] 1 test from AsyncSubsystemAccessorTest
89: [ RUN      ] AsyncSubsystemAccessorTest.GetHardware_ReturnsNullWhenNotInitialized
89: [       OK ] AsyncSubsystemAccessorTest.GetHardware_ReturnsNullWhenNotInitialized (0 ms)
89: [----------] 1 test from AsyncSubsystemAccessorTest (0 ms total)
89: 
89: [----------] Global test environment tear-down
89: [==========] 1 test from 1 test suite ran. (0 ms total)
89: [  PASSED  ] 1 test.
 89/122 Test  #89: AsyncSubsystemAccessorTest.GetHardware_ReturnsNullWhenNotInitialized ............   Passed    0.00 sec
test 90
        Start  90: AsyncSubsystemAccessorTest.GetPacketRouter_ReturnsNullWhenNotInitialized

90: Test command: /Users/mrmidi/DEV/FirWireDriver/ASFW/build/tests_build/AsyncSubsystemAccessorTests "--gtest_filter=AsyncSubsystemAccessorTest.GetPacketRouter_ReturnsNullWhenNotInitialized" "--gtest_also_run_disabled_tests"
90: Working Directory: /Users/mrmidi/DEV/FirWireDriver/ASFW/build/tests_build
90: Test timeout computed to be: 10000000
90: Running main() from /private/tmp/googletest-20250808-4780-aa0gxy/googletest-1.17.0/googletest/src/gtest_main.cc
90: Note: Google Test filter = AsyncSubsystemAccessorTest.GetPacketRouter_ReturnsNullWhenNotInitialized
90: [==========] Running 1 test from 1 test suite.
90: [----------] Global test environment set-up.
90: [----------] 1 test from AsyncSubsystemAccessorTest
90: [ RUN      ] AsyncSubsystemAccessorTest.GetPacketRouter_ReturnsNullWhenNotInitialized
90: [       OK ] AsyncSubsystemAccessorTest.GetPacketRouter_ReturnsNullWhenNotInitialized (0 ms)
90: [----------] 1 test from AsyncSubsystemAccessorTest (0 ms total)
90: 
90: [----------] Global test environment tear-down
90: [==========] 1 test from 1 test suite ran. (0 ms total)
90: [  PASSED  ] 1 test.
 90/122 Test  #90: AsyncSubsystemAccessorTest.GetPacketRouter_ReturnsNullWhenNotInitialized ........   Passed    0.00 sec
test 91
        Start  91: AsyncSubsystemAccessorTest.GetBusResetCapture_ReturnsNullWhenNotInitialized

91: Test command: /Users/mrmidi/DEV/FirWireDriver/ASFW/build/tests_build/AsyncSubsystemAccessorTests "--gtest_filter=AsyncSubsystemAccessorTest.GetBusResetCapture_ReturnsNullWhenNotInitialized" "--gtest_also_run_disabled_tests"
91: Working Directory: /Users/mrmidi/DEV/FirWireDriver/ASFW/build/tests_build
91: Test timeout computed to be: 10000000
91: Running main() from /private/tmp/googletest-20250808-4780-aa0gxy/googletest-1.17.0/googletest/src/gtest_main.cc
91: Note: Google Test filter = AsyncSubsystemAccessorTest.GetBusResetCapture_ReturnsNullWhenNotInitialized
91: [==========] Running 1 test from 1 test suite.
91: [----------] Global test environment set-up.
91: [----------] 1 test from AsyncSubsystemAccessorTest
91: [ RUN      ] AsyncSubsystemAccessorTest.GetBusResetCapture_ReturnsNullWhenNotInitialized
91: [       OK ] AsyncSubsystemAccessorTest.GetBusResetCapture_ReturnsNullWhenNotInitialized (0 ms)
91: [----------] 1 test from AsyncSubsystemAccessorTest (0 ms total)
91: 
91: [----------] Global test environment tear-down
91: [==========] 1 test from 1 test suite ran. (0 ms total)
91: [  PASSED  ] 1 test.
 91/122 Test  #91: AsyncSubsystemAccessorTest.GetBusResetCapture_ReturnsNullWhenNotInitialized .....   Passed    0.00 sec
test 92
        Start  92: AsyncSubsystemAccessorTest.PostToWorkloop_HandlesNullQueueGracefully

92: Test command: /Users/mrmidi/DEV/FirWireDriver/ASFW/build/tests_build/AsyncSubsystemAccessorTests "--gtest_filter=AsyncSubsystemAccessorTest.PostToWorkloop_HandlesNullQueueGracefully" "--gtest_also_run_disabled_tests"
92: Working Directory: /Users/mrmidi/DEV/FirWireDriver/ASFW/build/tests_build
92: Test timeout computed to be: 10000000
92: Running main() from /private/tmp/googletest-20250808-4780-aa0gxy/googletest-1.17.0/googletest/src/gtest_main.cc
92: Note: Google Test filter = AsyncSubsystemAccessorTest.PostToWorkloop_HandlesNullQueueGracefully
92: [==========] Running 1 test from 1 test suite.
92: [----------] Global test environment set-up.
92: [----------] 1 test from AsyncSubsystemAccessorTest
92: [ RUN      ] AsyncSubsystemAccessorTest.PostToWorkloop_HandlesNullQueueGracefully
92: [       OK ] AsyncSubsystemAccessorTest.PostToWorkloop_HandlesNullQueueGracefully (0 ms)
92: [----------] 1 test from AsyncSubsystemAccessorTest (0 ms total)
92: 
92: [----------] Global test environment tear-down
92: [==========] 1 test from 1 test suite ran. (0 ms total)
92: [  PASSED  ] 1 test.
 92/122 Test  #92: AsyncSubsystemAccessorTest.PostToWorkloop_HandlesNullQueueGracefully ............   Passed    0.00 sec
test 93
        Start  93: AsyncSubsystemAccessorTest.GetGenerationTracker_LazyInitialization

93: Test command: /Users/mrmidi/DEV/FirWireDriver/ASFW/build/tests_build/AsyncSubsystemAccessorTests "--gtest_filter=AsyncSubsystemAccessorTest.GetGenerationTracker_LazyInitialization" "--gtest_also_run_disabled_tests"
93: Working Directory: /Users/mrmidi/DEV/FirWireDriver/ASFW/build/tests_build
93: Test timeout computed to be: 10000000
93: Running main() from /private/tmp/googletest-20250808-4780-aa0gxy/googletest-1.17.0/googletest/src/gtest_main.cc
93: Note: Google Test filter = AsyncSubsystemAccessorTest.GetGenerationTracker_LazyInitialization
93: [==========] Running 1 test from 1 test suite.
93: [----------] Global test environment set-up.
93: [----------] 1 test from AsyncSubsystemAccessorTest
93: [ RUN      ] AsyncSubsystemAccessorTest.GetGenerationTracker_LazyInitialization
93: [       OK ] AsyncSubsystemAccessorTest.GetGenerationTracker_LazyInitialization (0 ms)
93: [----------] 1 test from AsyncSubsystemAccessorTest (0 ms total)
93: 
93: [----------] Global test environment tear-down
93: [==========] 1 test from 1 test suite ran. (0 ms total)
93: [  PASSED  ] 1 test.
 93/122 Test  #93: AsyncSubsystemAccessorTest.GetGenerationTracker_LazyInitialization ..............   Passed    0.00 sec
test 94
        Start  94: AsyncSubsystemAccessorTest.GetBusState_ReturnsValidStateAfterLazyInit

94: Test command: /Users/mrmidi/DEV/FirWireDriver/ASFW/build/tests_build/AsyncSubsystemAccessorTests "--gtest_filter=AsyncSubsystemAccessorTest.GetBusState_ReturnsValidStateAfterLazyInit" "--gtest_also_run_disabled_tests"
94: Working Directory: /Users/mrmidi/DEV/FirWireDriver/ASFW/build/tests_build
94: Test timeout computed to be: 10000000
94: Running main() from /private/tmp/googletest-20250808-4780-aa0gxy/googletest-1.17.0/googletest/src/gtest_main.cc
94: Note: Google Test filter = AsyncSubsystemAccessorTest.GetBusState_ReturnsValidStateAfterLazyInit
94: [==========] Running 1 test from 1 test suite.
94: [----------] Global test environment set-up.
94: [----------] 1 test from AsyncSubsystemAccessorTest
94: [ RUN      ] AsyncSubsystemAccessorTest.GetBusState_ReturnsValidStateAfterLazyInit
94: [       OK ] AsyncSubsystemAccessorTest.GetBusState_ReturnsValidStateAfterLazyInit (0 ms)
94: [----------] 1 test from AsyncSubsystemAccessorTest (0 ms total)
94: 
94: [----------] Global test environment tear-down
94: [==========] 1 test from 1 test suite ran. (0 ms total)
94: [  PASSED  ] 1 test.
 94/122 Test  #94: AsyncSubsystemAccessorTest.GetBusState_ReturnsValidStateAfterLazyInit ...........   Passed    0.00 sec
test 95
        Start  95: AsyncSubsystemAccessorTest.GetGenerationTracker_CreatesLabelAllocator

95: Test command: /Users/mrmidi/DEV/FirWireDriver/ASFW/build/tests_build/AsyncSubsystemAccessorTests "--gtest_filter=AsyncSubsystemAccessorTest.GetGenerationTracker_CreatesLabelAllocator" "--gtest_also_run_disabled_tests"
95: Working Directory: /Users/mrmidi/DEV/FirWireDriver/ASFW/build/tests_build
95: Test timeout computed to be: 10000000
95: Running main() from /private/tmp/googletest-20250808-4780-aa0gxy/googletest-1.17.0/googletest/src/gtest_main.cc
95: Note: Google Test filter = AsyncSubsystemAccessorTest.GetGenerationTracker_CreatesLabelAllocator
95: [==========] Running 1 test from 1 test suite.
95: [----------] Global test environment set-up.
95: [----------] 1 test from AsyncSubsystemAccessorTest
95: [ RUN      ] AsyncSubsystemAccessorTest.GetGenerationTracker_CreatesLabelAllocator
95: [       OK ] AsyncSubsystemAccessorTest.GetGenerationTracker_CreatesLabelAllocator (0 ms)
95: [----------] 1 test from AsyncSubsystemAccessorTest (0 ms total)
95: 
95: [----------] Global test environment tear-down
95: [==========] 1 test from 1 test suite ran. (0 ms total)
95: [  PASSED  ] 1 test.
 95/122 Test  #95: AsyncSubsystemAccessorTest.GetGenerationTracker_CreatesLabelAllocator ...........   Passed    0.00 sec
test 96
        Start  96: AsyncSubsystemAccessorTest.MultipleGetBusStateCalls_ConsistentResults

96: Test command: /Users/mrmidi/DEV/FirWireDriver/ASFW/build/tests_build/AsyncSubsystemAccessorTests "--gtest_filter=AsyncSubsystemAccessorTest.MultipleGetBusStateCalls_ConsistentResults" "--gtest_also_run_disabled_tests"
96: Working Directory: /Users/mrmidi/DEV/FirWireDriver/ASFW/build/tests_build
96: Test timeout computed to be: 10000000
96: Running main() from /private/tmp/googletest-20250808-4780-aa0gxy/googletest-1.17.0/googletest/src/gtest_main.cc
96: Note: Google Test filter = AsyncSubsystemAccessorTest.MultipleGetBusStateCalls_ConsistentResults
96: [==========] Running 1 test from 1 test suite.
96: [----------] Global test environment set-up.
96: [----------] 1 test from AsyncSubsystemAccessorTest
96: [ RUN      ] AsyncSubsystemAccessorTest.MultipleGetBusStateCalls_ConsistentResults
96: [       OK ] AsyncSubsystemAccessorTest.MultipleGetBusStateCalls_ConsistentResults (0 ms)
96: [----------] 1 test from AsyncSubsystemAccessorTest (0 ms total)
96: 
96: [----------] Global test environment tear-down
96: [==========] 1 test from 1 test suite ran. (0 ms total)
96: [  PASSED  ] 1 test.
 96/122 Test  #96: AsyncSubsystemAccessorTest.MultipleGetBusStateCalls_ConsistentResults ...........   Passed    0.00 sec
test 97
        Start  97: MusicSubunitCapabilitiesTest.HasGeneralCapability_ReturnsTrueWhenSet

97: Test command: /Users/mrmidi/DEV/FirWireDriver/ASFW/build/tests_build/MusicSubunitCapabilitiesTests "--gtest_filter=MusicSubunitCapabilitiesTest.HasGeneralCapability_ReturnsTrueWhenSet" "--gtest_also_run_disabled_tests"
97: Working Directory: /Users/mrmidi/DEV/FirWireDriver/ASFW/build/tests_build
97: Test timeout computed to be: 10000000
97: Running main() from /private/tmp/googletest-20250808-4780-aa0gxy/googletest-1.17.0/googletest/src/gtest_main.cc
97: Note: Google Test filter = MusicSubunitCapabilitiesTest.HasGeneralCapability_ReturnsTrueWhenSet
97: [==========] Running 1 test from 1 test suite.
97: [----------] Global test environment set-up.
97: [----------] 1 test from MusicSubunitCapabilitiesTest
97: [ RUN      ] MusicSubunitCapabilitiesTest.HasGeneralCapability_ReturnsTrueWhenSet
97: [       OK ] MusicSubunitCapabilitiesTest.HasGeneralCapability_ReturnsTrueWhenSet (0 ms)
97: [----------] 1 test from MusicSubunitCapabilitiesTest (0 ms total)
97: 
97: [----------] Global test environment tear-down
97: [==========] 1 test from 1 test suite ran. (0 ms total)
97: [  PASSED  ] 1 test.
 97/122 Test  #97: MusicSubunitCapabilitiesTest.HasGeneralCapability_ReturnsTrueWhenSet ............   Passed    0.00 sec
test 98
        Start  98: MusicSubunitCapabilitiesTest.HasGeneralCapability_ReturnsFalseWhenNotSet

98: Test command: /Users/mrmidi/DEV/FirWireDriver/ASFW/build/tests_build/MusicSubunitCapabilitiesTests "--gtest_filter=MusicSubunitCapabilitiesTest.HasGeneralCapability_ReturnsFalseWhenNotSet" "--gtest_also_run_disabled_tests"
98: Working Directory: /Users/mrmidi/DEV/FirWireDriver/ASFW/build/tests_build
98: Test timeout computed to be: 10000000
98: Running main() from /private/tmp/googletest-20250808-4780-aa0gxy/googletest-1.17.0/googletest/src/gtest_main.cc
98: Note: Google Test filter = MusicSubunitCapabilitiesTest.HasGeneralCapability_ReturnsFalseWhenNotSet
98: [==========] Running 1 test from 1 test suite.
98: [----------] Global test environment set-up.
98: [----------] 1 test from MusicSubunitCapabilitiesTest
98: [ RUN      ] MusicSubunitCapabilitiesTest.HasGeneralCapability_ReturnsFalseWhenNotSet
98: [       OK ] MusicSubunitCapabilitiesTest.HasGeneralCapability_ReturnsFalseWhenNotSet (0 ms)
98: [----------] 1 test from MusicSubunitCapabilitiesTest (0 ms total)
98: 
98: [----------] Global test environment tear-down
98: [==========] 1 test from 1 test suite ran. (0 ms total)
98: [  PASSED  ] 1 test.
 98/122 Test  #98: MusicSubunitCapabilitiesTest.HasGeneralCapability_ReturnsFalseWhenNotSet ........   Passed    0.00 sec
test 99
        Start  99: MusicSubunitCapabilitiesTest.HasAudioCapability_ReturnsTrueWhenSet

99: Test command: /Users/mrmidi/DEV/FirWireDriver/ASFW/build/tests_build/MusicSubunitCapabilitiesTests "--gtest_filter=MusicSubunitCapabilitiesTest.HasAudioCapability_ReturnsTrueWhenSet" "--gtest_also_run_disabled_tests"
99: Working Directory: /Users/mrmidi/DEV/FirWireDriver/ASFW/build/tests_build
99: Test timeout computed to be: 10000000
99: Running main() from /private/tmp/googletest-20250808-4780-aa0gxy/googletest-1.17.0/googletest/src/gtest_main.cc
99: Note: Google Test filter = MusicSubunitCapabilitiesTest.HasAudioCapability_ReturnsTrueWhenSet
99: [==========] Running 1 test from 1 test suite.
99: [----------] Global test environment set-up.
99: [----------] 1 test from MusicSubunitCapabilitiesTest
99: [ RUN      ] MusicSubunitCapabilitiesTest.HasAudioCapability_ReturnsTrueWhenSet
99: [       OK ] MusicSubunitCapabilitiesTest.HasAudioCapability_ReturnsTrueWhenSet (0 ms)
99: [----------] 1 test from MusicSubunitCapabilitiesTest (0 ms total)
99: 
99: [----------] Global test environment tear-down
99: [==========] 1 test from 1 test suite ran. (0 ms total)
99: [  PASSED  ] 1 test.
 99/122 Test  #99: MusicSubunitCapabilitiesTest.HasAudioCapability_ReturnsTrueWhenSet ..............   Passed    0.00 sec
test 100
        Start 100: MusicSubunitCapabilitiesTest.HasMidiCapability_ReturnsTrueWhenSet

100: Test command: /Users/mrmidi/DEV/FirWireDriver/ASFW/build/tests_build/MusicSubunitCapabilitiesTests "--gtest_filter=MusicSubunitCapabilitiesTest.HasMidiCapability_ReturnsTrueWhenSet" "--gtest_also_run_disabled_tests"
100: Working Directory: /Users/mrmidi/DEV/FirWireDriver/ASFW/build/tests_build
100: Test timeout computed to be: 10000000
100: Running main() from /private/tmp/googletest-20250808-4780-aa0gxy/googletest-1.17.0/googletest/src/gtest_main.cc
100: Note: Google Test filter = MusicSubunitCapabilitiesTest.HasMidiCapability_ReturnsTrueWhenSet
100: [==========] Running 1 test from 1 test suite.
100: [----------] Global test environment set-up.
100: [----------] 1 test from MusicSubunitCapabilitiesTest
100: [ RUN      ] MusicSubunitCapabilitiesTest.HasMidiCapability_ReturnsTrueWhenSet
100: [       OK ] MusicSubunitCapabilitiesTest.HasMidiCapability_ReturnsTrueWhenSet (0 ms)
100: [----------] 1 test from MusicSubunitCapabilitiesTest (0 ms total)
100: 
100: [----------] Global test environment tear-down
100: [==========] 1 test from 1 test suite ran. (0 ms total)
100: [  PASSED  ] 1 test.
100/122 Test #100: MusicSubunitCapabilitiesTest.HasMidiCapability_ReturnsTrueWhenSet ...............   Passed    0.00 sec
test 101
        Start 101: MusicSubunitCapabilitiesTest.HasSmpteTimeCodeCapability_ReturnsTrueWhenSet

101: Test command: /Users/mrmidi/DEV/FirWireDriver/ASFW/build/tests_build/MusicSubunitCapabilitiesTests "--gtest_filter=MusicSubunitCapabilitiesTest.HasSmpteTimeCodeCapability_ReturnsTrueWhenSet" "--gtest_also_run_disabled_tests"
101: Working Directory: /Users/mrmidi/DEV/FirWireDriver/ASFW/build/tests_build
101: Test timeout computed to be: 10000000
101: Running main() from /private/tmp/googletest-20250808-4780-aa0gxy/googletest-1.17.0/googletest/src/gtest_main.cc
101: Note: Google Test filter = MusicSubunitCapabilitiesTest.HasSmpteTimeCodeCapability_ReturnsTrueWhenSet
101: [==========] Running 1 test from 1 test suite.
101: [----------] Global test environment set-up.
101: [----------] 1 test from MusicSubunitCapabilitiesTest
101: [ RUN      ] MusicSubunitCapabilitiesTest.HasSmpteTimeCodeCapability_ReturnsTrueWhenSet
101: [       OK ] MusicSubunitCapabilitiesTest.HasSmpteTimeCodeCapability_ReturnsTrueWhenSet (0 ms)
101: [----------] 1 test from MusicSubunitCapabilitiesTest (0 ms total)
101: 
101: [----------] Global test environment tear-down
101: [==========] 1 test from 1 test suite ran. (0 ms total)
101: [  PASSED  ] 1 test.
101/122 Test #101: MusicSubunitCapabilitiesTest.HasSmpteTimeCodeCapability_ReturnsTrueWhenSet ......   Passed    0.00 sec
test 102
        Start 102: MusicSubunitCapabilitiesTest.HasSampleCountCapability_ReturnsTrueWhenSet

102: Test command: /Users/mrmidi/DEV/FirWireDriver/ASFW/build/tests_build/MusicSubunitCapabilitiesTests "--gtest_filter=MusicSubunitCapabilitiesTest.HasSampleCountCapability_ReturnsTrueWhenSet" "--gtest_also_run_disabled_tests"
102: Working Directory: /Users/mrmidi/DEV/FirWireDriver/ASFW/build/tests_build
102: Test timeout computed to be: 10000000
102: Running main() from /private/tmp/googletest-20250808-4780-aa0gxy/googletest-1.17.0/googletest/src/gtest_main.cc
102: Note: Google Test filter = MusicSubunitCapabilitiesTest.HasSampleCountCapability_ReturnsTrueWhenSet
102: [==========] Running 1 test from 1 test suite.
102: [----------] Global test environment set-up.
102: [----------] 1 test from MusicSubunitCapabilitiesTest
102: [ RUN      ] MusicSubunitCapabilitiesTest.HasSampleCountCapability_ReturnsTrueWhenSet
102: [       OK ] MusicSubunitCapabilitiesTest.HasSampleCountCapability_ReturnsTrueWhenSet (0 ms)
102: [----------] 1 test from MusicSubunitCapabilitiesTest (0 ms total)
102: 
102: [----------] Global test environment tear-down
102: [==========] 1 test from 1 test suite ran. (0 ms total)
102: [  PASSED  ] 1 test.
102/122 Test #102: MusicSubunitCapabilitiesTest.HasSampleCountCapability_ReturnsTrueWhenSet ........   Passed    0.00 sec
test 103
        Start 103: MusicSubunitCapabilitiesTest.HasAudioSyncCapability_ReturnsTrueWhenSet

103: Test command: /Users/mrmidi/DEV/FirWireDriver/ASFW/build/tests_build/MusicSubunitCapabilitiesTests "--gtest_filter=MusicSubunitCapabilitiesTest.HasAudioSyncCapability_ReturnsTrueWhenSet" "--gtest_also_run_disabled_tests"
103: Working Directory: /Users/mrmidi/DEV/FirWireDriver/ASFW/build/tests_build
103: Test timeout computed to be: 10000000
103: Running main() from /private/tmp/googletest-20250808-4780-aa0gxy/googletest-1.17.0/googletest/src/gtest_main.cc
103: Note: Google Test filter = MusicSubunitCapabilitiesTest.HasAudioSyncCapability_ReturnsTrueWhenSet
103: [==========] Running 1 test from 1 test suite.
103: [----------] Global test environment set-up.
103: [----------] 1 test from MusicSubunitCapabilitiesTest
103: [ RUN      ] MusicSubunitCapabilitiesTest.HasAudioSyncCapability_ReturnsTrueWhenSet
103: [       OK ] MusicSubunitCapabilitiesTest.HasAudioSyncCapability_ReturnsTrueWhenSet (0 ms)
103: [----------] 1 test from MusicSubunitCapabilitiesTest (0 ms total)
103: 
103: [----------] Global test environment tear-down
103: [==========] 1 test from 1 test suite ran. (0 ms total)
103: [  PASSED  ] 1 test.
103/122 Test #103: MusicSubunitCapabilitiesTest.HasAudioSyncCapability_ReturnsTrueWhenSet ..........   Passed    0.00 sec
test 104
        Start 104: MusicSubunitCapabilitiesTest.SupportsBlockingTransmit_ChecksBit1

104: Test command: /Users/mrmidi/DEV/FirWireDriver/ASFW/build/tests_build/MusicSubunitCapabilitiesTests "--gtest_filter=MusicSubunitCapabilitiesTest.SupportsBlockingTransmit_ChecksBit1" "--gtest_also_run_disabled_tests"
104: Working Directory: /Users/mrmidi/DEV/FirWireDriver/ASFW/build/tests_build
104: Test timeout computed to be: 10000000
104: Running main() from /private/tmp/googletest-20250808-4780-aa0gxy/googletest-1.17.0/googletest/src/gtest_main.cc
104: Note: Google Test filter = MusicSubunitCapabilitiesTest.SupportsBlockingTransmit_ChecksBit1
104: [==========] Running 1 test from 1 test suite.
104: [----------] Global test environment set-up.
104: [----------] 1 test from MusicSubunitCapabilitiesTest
104: [ RUN      ] MusicSubunitCapabilitiesTest.SupportsBlockingTransmit_ChecksBit1
104: [       OK ] MusicSubunitCapabilitiesTest.SupportsBlockingTransmit_ChecksBit1 (0 ms)
104: [----------] 1 test from MusicSubunitCapabilitiesTest (0 ms total)
104: 
104: [----------] Global test environment tear-down
104: [==========] 1 test from 1 test suite ran. (0 ms total)
104: [  PASSED  ] 1 test.
104/122 Test #104: MusicSubunitCapabilitiesTest.SupportsBlockingTransmit_ChecksBit1 ................   Passed    0.00 sec
test 105
        Start 105: MusicSubunitCapabilitiesTest.SupportsNonBlockingTransmit_ChecksBit0

105: Test command: /Users/mrmidi/DEV/FirWireDriver/ASFW/build/tests_build/MusicSubunitCapabilitiesTests "--gtest_filter=MusicSubunitCapabilitiesTest.SupportsNonBlockingTransmit_ChecksBit0" "--gtest_also_run_disabled_tests"
105: Working Directory: /Users/mrmidi/DEV/FirWireDriver/ASFW/build/tests_build
105: Test timeout computed to be: 10000000
105: Running main() from /private/tmp/googletest-20250808-4780-aa0gxy/googletest-1.17.0/googletest/src/gtest_main.cc
105: Note: Google Test filter = MusicSubunitCapabilitiesTest.SupportsNonBlockingTransmit_ChecksBit0
105: [==========] Running 1 test from 1 test suite.
105: [----------] Global test environment set-up.
105: [----------] 1 test from MusicSubunitCapabilitiesTest
105: [ RUN      ] MusicSubunitCapabilitiesTest.SupportsNonBlockingTransmit_ChecksBit0
105: [       OK ] MusicSubunitCapabilitiesTest.SupportsNonBlockingTransmit_ChecksBit0 (0 ms)
105: [----------] 1 test from MusicSubunitCapabilitiesTest (0 ms total)
105: 
105: [----------] Global test environment tear-down
105: [==========] 1 test from 1 test suite ran. (0 ms total)
105: [  PASSED  ] 1 test.
105/122 Test #105: MusicSubunitCapabilitiesTest.SupportsNonBlockingTransmit_ChecksBit0 .............   Passed    0.00 sec
test 106
        Start 106: MusicSubunitCapabilitiesTest.SupportsBlockingReceive_ChecksBit1

106: Test command: /Users/mrmidi/DEV/FirWireDriver/ASFW/build/tests_build/MusicSubunitCapabilitiesTests "--gtest_filter=MusicSubunitCapabilitiesTest.SupportsBlockingReceive_ChecksBit1" "--gtest_also_run_disabled_tests"
106: Working Directory: /Users/mrmidi/DEV/FirWireDriver/ASFW/build/tests_build
106: Test timeout computed to be: 10000000
106: Running main() from /private/tmp/googletest-20250808-4780-aa0gxy/googletest-1.17.0/googletest/src/gtest_main.cc
106: Note: Google Test filter = MusicSubunitCapabilitiesTest.SupportsBlockingReceive_ChecksBit1
106: [==========] Running 1 test from 1 test suite.
106: [----------] Global test environment set-up.
106: [----------] 1 test from MusicSubunitCapabilitiesTest
106: [ RUN      ] MusicSubunitCapabilitiesTest.SupportsBlockingReceive_ChecksBit1
106: [       OK ] MusicSubunitCapabilitiesTest.SupportsBlockingReceive_ChecksBit1 (0 ms)
106: [----------] 1 test from MusicSubunitCapabilitiesTest (0 ms total)
106: 
106: [----------] Global test environment tear-down
106: [==========] 1 test from 1 test suite ran. (0 ms total)
106: [  PASSED  ] 1 test.
106/122 Test #106: MusicSubunitCapabilitiesTest.SupportsBlockingReceive_ChecksBit1 .................   Passed    0.00 sec
test 107
        Start 107: MusicSubunitCapabilitiesTest.SupportsNonBlockingReceive_ChecksBit0

107: Test command: /Users/mrmidi/DEV/FirWireDriver/ASFW/build/tests_build/MusicSubunitCapabilitiesTests "--gtest_filter=MusicSubunitCapabilitiesTest.SupportsNonBlockingReceive_ChecksBit0" "--gtest_also_run_disabled_tests"
107: Working Directory: /Users/mrmidi/DEV/FirWireDriver/ASFW/build/tests_build
107: Test timeout computed to be: 10000000
107: Running main() from /private/tmp/googletest-20250808-4780-aa0gxy/googletest-1.17.0/googletest/src/gtest_main.cc
107: Note: Google Test filter = MusicSubunitCapabilitiesTest.SupportsNonBlockingReceive_ChecksBit0
107: [==========] Running 1 test from 1 test suite.
107: [----------] Global test environment set-up.
107: [----------] 1 test from MusicSubunitCapabilitiesTest
107: [ RUN      ] MusicSubunitCapabilitiesTest.SupportsNonBlockingReceive_ChecksBit0
107: [       OK ] MusicSubunitCapabilitiesTest.SupportsNonBlockingReceive_ChecksBit0 (0 ms)
107: [----------] 1 test from MusicSubunitCapabilitiesTest (0 ms total)
107: 
107: [----------] Global test environment tear-down
107: [==========] 1 test from 1 test suite ran. (0 ms total)
107: [  PASSED  ] 1 test.
107/122 Test #107: MusicSubunitCapabilitiesTest.SupportsNonBlockingReceive_ChecksBit0 ..............   Passed    0.00 sec
test 108
        Start 108: MusicSubunitCapabilitiesTest.SupportsBlockingAndNonBlocking_BothBitsSet

108: Test command: /Users/mrmidi/DEV/FirWireDriver/ASFW/build/tests_build/MusicSubunitCapabilitiesTests "--gtest_filter=MusicSubunitCapabilitiesTest.SupportsBlockingAndNonBlocking_BothBitsSet" "--gtest_also_run_disabled_tests"
108: Working Directory: /Users/mrmidi/DEV/FirWireDriver/ASFW/build/tests_build
108: Test timeout computed to be: 10000000
108: Running main() from /private/tmp/googletest-20250808-4780-aa0gxy/googletest-1.17.0/googletest/src/gtest_main.cc
108: Note: Google Test filter = MusicSubunitCapabilitiesTest.SupportsBlockingAndNonBlocking_BothBitsSet
108: [==========] Running 1 test from 1 test suite.
108: [----------] Global test environment set-up.
108: [----------] 1 test from MusicSubunitCapabilitiesTest
108: [ RUN      ] MusicSubunitCapabilitiesTest.SupportsBlockingAndNonBlocking_BothBitsSet
108: [       OK ] MusicSubunitCapabilitiesTest.SupportsBlockingAndNonBlocking_BothBitsSet (0 ms)
108: [----------] 1 test from MusicSubunitCapabilitiesTest (0 ms total)
108: 
108: [----------] Global test environment tear-down
108: [==========] 1 test from 1 test suite ran. (0 ms total)
108: [  PASSED  ] 1 test.
108/122 Test #108: MusicSubunitCapabilitiesTest.SupportsBlockingAndNonBlocking_BothBitsSet .........   Passed    0.00 sec
test 109
        Start 109: MusicSubunitCapabilitiesTest.SupportsSmpteTransmit_ChecksBit1

109: Test command: /Users/mrmidi/DEV/FirWireDriver/ASFW/build/tests_build/MusicSubunitCapabilitiesTests "--gtest_filter=MusicSubunitCapabilitiesTest.SupportsSmpteTransmit_ChecksBit1" "--gtest_also_run_disabled_tests"
109: Working Directory: /Users/mrmidi/DEV/FirWireDriver/ASFW/build/tests_build
109: Test timeout computed to be: 10000000
109: Running main() from /private/tmp/googletest-20250808-4780-aa0gxy/googletest-1.17.0/googletest/src/gtest_main.cc
109: Note: Google Test filter = MusicSubunitCapabilitiesTest.SupportsSmpteTransmit_ChecksBit1
109: [==========] Running 1 test from 1 test suite.
109: [----------] Global test environment set-up.
109: [----------] 1 test from MusicSubunitCapabilitiesTest
109: [ RUN      ] MusicSubunitCapabilitiesTest.SupportsSmpteTransmit_ChecksBit1
109: [       OK ] MusicSubunitCapabilitiesTest.SupportsSmpteTransmit_ChecksBit1 (0 ms)
109: [----------] 1 test from MusicSubunitCapabilitiesTest (0 ms total)
109: 
109: [----------] Global test environment tear-down
109: [==========] 1 test from 1 test suite ran. (0 ms total)
109: [  PASSED  ] 1 test.
109/122 Test #109: MusicSubunitCapabilitiesTest.SupportsSmpteTransmit_ChecksBit1 ...................   Passed    0.00 sec
test 110
        Start 110: MusicSubunitCapabilitiesTest.SupportsSmpteReceive_ChecksBit0

110: Test command: /Users/mrmidi/DEV/FirWireDriver/ASFW/build/tests_build/MusicSubunitCapabilitiesTests "--gtest_filter=MusicSubunitCapabilitiesTest.SupportsSmpteReceive_ChecksBit0" "--gtest_also_run_disabled_tests"
110: Working Directory: /Users/mrmidi/DEV/FirWireDriver/ASFW/build/tests_build
110: Test timeout computed to be: 10000000
110: Running main() from /private/tmp/googletest-20250808-4780-aa0gxy/googletest-1.17.0/googletest/src/gtest_main.cc
110: Note: Google Test filter = MusicSubunitCapabilitiesTest.SupportsSmpteReceive_ChecksBit0
110: [==========] Running 1 test from 1 test suite.
110: [----------] Global test environment set-up.
110: [----------] 1 test from MusicSubunitCapabilitiesTest
110: [ RUN      ] MusicSubunitCapabilitiesTest.SupportsSmpteReceive_ChecksBit0
110: [       OK ] MusicSubunitCapabilitiesTest.SupportsSmpteReceive_ChecksBit0 (0 ms)
110: [----------] 1 test from MusicSubunitCapabilitiesTest (0 ms total)
110: 
110: [----------] Global test environment tear-down
110: [==========] 1 test from 1 test suite ran. (0 ms total)
110: [  PASSED  ] 1 test.
110/122 Test #110: MusicSubunitCapabilitiesTest.SupportsSmpteReceive_ChecksBit0 ....................   Passed    0.00 sec
test 111
        Start 111: MusicSubunitCapabilitiesTest.SupportsSampleCountTransmit_ChecksBit1

111: Test command: /Users/mrmidi/DEV/FirWireDriver/ASFW/build/tests_build/MusicSubunitCapabilitiesTests "--gtest_filter=MusicSubunitCapabilitiesTest.SupportsSampleCountTransmit_ChecksBit1" "--gtest_also_run_disabled_tests"
111: Working Directory: /Users/mrmidi/DEV/FirWireDriver/ASFW/build/tests_build
111: Test timeout computed to be: 10000000
111: Running main() from /private/tmp/googletest-20250808-4780-aa0gxy/googletest-1.17.0/googletest/src/gtest_main.cc
111: Note: Google Test filter = MusicSubunitCapabilitiesTest.SupportsSampleCountTransmit_ChecksBit1
111: [==========] Running 1 test from 1 test suite.
111: [----------] Global test environment set-up.
111: [----------] 1 test from MusicSubunitCapabilitiesTest
111: [ RUN      ] MusicSubunitCapabilitiesTest.SupportsSampleCountTransmit_ChecksBit1
111: [       OK ] MusicSubunitCapabilitiesTest.SupportsSampleCountTransmit_ChecksBit1 (0 ms)
111: [----------] 1 test from MusicSubunitCapabilitiesTest (0 ms total)
111: 
111: [----------] Global test environment tear-down
111: [==========] 1 test from 1 test suite ran. (0 ms total)
111: [  PASSED  ] 1 test.
111/122 Test #111: MusicSubunitCapabilitiesTest.SupportsSampleCountTransmit_ChecksBit1 .............   Passed    0.00 sec
test 112
        Start 112: MusicSubunitCapabilitiesTest.SupportsSampleCountReceive_ChecksBit0

112: Test command: /Users/mrmidi/DEV/FirWireDriver/ASFW/build/tests_build/MusicSubunitCapabilitiesTests "--gtest_filter=MusicSubunitCapabilitiesTest.SupportsSampleCountReceive_ChecksBit0" "--gtest_also_run_disabled_tests"
112: Working Directory: /Users/mrmidi/DEV/FirWireDriver/ASFW/build/tests_build
112: Test timeout computed to be: 10000000
112: Running main() from /private/tmp/googletest-20250808-4780-aa0gxy/googletest-1.17.0/googletest/src/gtest_main.cc
112: Note: Google Test filter = MusicSubunitCapabilitiesTest.SupportsSampleCountReceive_ChecksBit0
112: [==========] Running 1 test from 1 test suite.
112: [----------] Global test environment set-up.
112: [----------] 1 test from MusicSubunitCapabilitiesTest
112: [ RUN      ] MusicSubunitCapabilitiesTest.SupportsSampleCountReceive_ChecksBit0
112: [       OK ] MusicSubunitCapabilitiesTest.SupportsSampleCountReceive_ChecksBit0 (0 ms)
112: [----------] 1 test from MusicSubunitCapabilitiesTest (0 ms total)
112: 
112: [----------] Global test environment tear-down
112: [==========] 1 test from 1 test suite ran. (0 ms total)
112: [  PASSED  ] 1 test.
112/122 Test #112: MusicSubunitCapabilitiesTest.SupportsSampleCountReceive_ChecksBit0 ..............   Passed    0.00 sec
test 113
        Start 113: MusicSubunitCapabilitiesTest.SupportsAudioSyncBus_ChecksBit0

113: Test command: /Users/mrmidi/DEV/FirWireDriver/ASFW/build/tests_build/MusicSubunitCapabilitiesTests "--gtest_filter=MusicSubunitCapabilitiesTest.SupportsAudioSyncBus_ChecksBit0" "--gtest_also_run_disabled_tests"
113: Working Directory: /Users/mrmidi/DEV/FirWireDriver/ASFW/build/tests_build
113: Test timeout computed to be: 10000000
113: Running main() from /private/tmp/googletest-20250808-4780-aa0gxy/googletest-1.17.0/googletest/src/gtest_main.cc
113: Note: Google Test filter = MusicSubunitCapabilitiesTest.SupportsAudioSyncBus_ChecksBit0
113: [==========] Running 1 test from 1 test suite.
113: [----------] Global test environment set-up.
113: [----------] 1 test from MusicSubunitCapabilitiesTest
113: [ RUN      ] MusicSubunitCapabilitiesTest.SupportsAudioSyncBus_ChecksBit0
113: [       OK ] MusicSubunitCapabilitiesTest.SupportsAudioSyncBus_ChecksBit0 (0 ms)
113: [----------] 1 test from MusicSubunitCapabilitiesTest (0 ms total)
113: 
113: [----------] Global test environment tear-down
113: [==========] 1 test from 1 test suite ran. (0 ms total)
113: [  PASSED  ] 1 test.
113/122 Test #113: MusicSubunitCapabilitiesTest.SupportsAudioSyncBus_ChecksBit0 ....................   Passed    0.00 sec
test 114
        Start 114: MusicSubunitCapabilitiesTest.SupportsAudioSyncExternal_ChecksBit1

114: Test command: /Users/mrmidi/DEV/FirWireDriver/ASFW/build/tests_build/MusicSubunitCapabilitiesTests "--gtest_filter=MusicSubunitCapabilitiesTest.SupportsAudioSyncExternal_ChecksBit1" "--gtest_also_run_disabled_tests"
114: Working Directory: /Users/mrmidi/DEV/FirWireDriver/ASFW/build/tests_build
114: Test timeout computed to be: 10000000
114: Running main() from /private/tmp/googletest-20250808-4780-aa0gxy/googletest-1.17.0/googletest/src/gtest_main.cc
114: Note: Google Test filter = MusicSubunitCapabilitiesTest.SupportsAudioSyncExternal_ChecksBit1
114: [==========] Running 1 test from 1 test suite.
114: [----------] Global test environment set-up.
114: [----------] 1 test from MusicSubunitCapabilitiesTest
114: [ RUN      ] MusicSubunitCapabilitiesTest.SupportsAudioSyncExternal_ChecksBit1
114: [       OK ] MusicSubunitCapabilitiesTest.SupportsAudioSyncExternal_ChecksBit1 (0 ms)
114: [----------] 1 test from MusicSubunitCapabilitiesTest (0 ms total)
114: 
114: [----------] Global test environment tear-down
114: [==========] 1 test from 1 test suite ran. (0 ms total)
114: [  PASSED  ] 1 test.
114/122 Test #114: MusicSubunitCapabilitiesTest.SupportsAudioSyncExternal_ChecksBit1 ...............   Passed    0.00 sec
test 115
        Start 115: MusicSubunitCapabilitiesTest.AllCapabilitiesDisabled_ReturnsFalse

115: Test command: /Users/mrmidi/DEV/FirWireDriver/ASFW/build/tests_build/MusicSubunitCapabilitiesTests "--gtest_filter=MusicSubunitCapabilitiesTest.AllCapabilitiesDisabled_ReturnsFalse" "--gtest_also_run_disabled_tests"
115: Working Directory: /Users/mrmidi/DEV/FirWireDriver/ASFW/build/tests_build
115: Test timeout computed to be: 10000000
115: Running main() from /private/tmp/googletest-20250808-4780-aa0gxy/googletest-1.17.0/googletest/src/gtest_main.cc
115: Note: Google Test filter = MusicSubunitCapabilitiesTest.AllCapabilitiesDisabled_ReturnsFalse
115: [==========] Running 1 test from 1 test suite.
115: [----------] Global test environment set-up.
115: [----------] 1 test from MusicSubunitCapabilitiesTest
115: [ RUN      ] MusicSubunitCapabilitiesTest.AllCapabilitiesDisabled_ReturnsFalse
115: [       OK ] MusicSubunitCapabilitiesTest.AllCapabilitiesDisabled_ReturnsFalse (0 ms)
115: [----------] 1 test from MusicSubunitCapabilitiesTest (0 ms total)
115: 
115: [----------] Global test environment tear-down
115: [==========] 1 test from 1 test suite ran. (0 ms total)
115: [  PASSED  ] 1 test.
115/122 Test #115: MusicSubunitCapabilitiesTest.AllCapabilitiesDisabled_ReturnsFalse ...............   Passed    0.00 sec
test 116
        Start 116: AVCHandlerTests.GetAVCUnits_NoUnits

116: Test command: /Users/mrmidi/DEV/FirWireDriver/ASFW/build/tests_build/AVCHandlerTests "--gtest_filter=AVCHandlerTests.GetAVCUnits_NoUnits" "--gtest_also_run_disabled_tests"
116: Working Directory: /Users/mrmidi/DEV/FirWireDriver/ASFW/build/tests_build
116: Test timeout computed to be: 10000000
116: Running main() from /private/tmp/googletest-20250808-4780-aa0gxy/googletest-1.17.0/googletest/src/gtest_main.cc
116: Note: Google Test filter = AVCHandlerTests.GetAVCUnits_NoUnits
116: [==========] Running 1 test from 1 test suite.
116: [----------] Global test environment set-up.
116: [----------] 1 test from AVCHandlerTests
116: [ RUN      ] AVCHandlerTests.GetAVCUnits_NoUnits
116: [       OK ] AVCHandlerTests.GetAVCUnits_NoUnits (0 ms)
116: [----------] 1 test from AVCHandlerTests (0 ms total)
116: 
116: [----------] Global test environment tear-down
116: [==========] 1 test from 1 test suite ran. (0 ms total)
116: [  PASSED  ] 1 test.
116/122 Test #116: AVCHandlerTests.GetAVCUnits_NoUnits .............................................   Passed    0.01 sec
test 117
        Start 117: AVCHandlerTests.GetAVCUnits_OneUnitOneSubunit

117: Test command: /Users/mrmidi/DEV/FirWireDriver/ASFW/build/tests_build/AVCHandlerTests "--gtest_filter=AVCHandlerTests.GetAVCUnits_OneUnitOneSubunit" "--gtest_also_run_disabled_tests"
117: Working Directory: /Users/mrmidi/DEV/FirWireDriver/ASFW/build/tests_build
117: Test timeout computed to be: 10000000
117: Running main() from /private/tmp/googletest-20250808-4780-aa0gxy/googletest-1.17.0/googletest/src/gtest_main.cc
117: Note: Google Test filter = AVCHandlerTests.GetAVCUnits_OneUnitOneSubunit
117: [==========] Running 1 test from 1 test suite.
117: [----------] Global test environment set-up.
117: [----------] 1 test from AVCHandlerTests
117: [ RUN      ] AVCHandlerTests.GetAVCUnits_OneUnitOneSubunit
117: [       OK ] AVCHandlerTests.GetAVCUnits_OneUnitOneSubunit (0 ms)
117: [----------] 1 test from AVCHandlerTests (0 ms total)
117: 
117: [----------] Global test environment tear-down
117: [==========] 1 test from 1 test suite ran. (0 ms total)
117: [  PASSED  ] 1 test.
117/122 Test #117: AVCHandlerTests.GetAVCUnits_OneUnitOneSubunit ...................................   Passed    0.01 sec
test 118
        Start 118: AVCHandlerTests.ReScanAVCUnits_CallsDiscovery

118: Test command: /Users/mrmidi/DEV/FirWireDriver/ASFW/build/tests_build/AVCHandlerTests "--gtest_filter=AVCHandlerTests.ReScanAVCUnits_CallsDiscovery" "--gtest_also_run_disabled_tests"
118: Working Directory: /Users/mrmidi/DEV/FirWireDriver/ASFW/build/tests_build
118: Test timeout computed to be: 10000000
118: Running main() from /private/tmp/googletest-20250808-4780-aa0gxy/googletest-1.17.0/googletest/src/gtest_main.cc
118: Note: Google Test filter = AVCHandlerTests.ReScanAVCUnits_CallsDiscovery
118: [==========] Running 1 test from 1 test suite.
118: [----------] Global test environment set-up.
118: [----------] 1 test from AVCHandlerTests
118: [ RUN      ] AVCHandlerTests.ReScanAVCUnits_CallsDiscovery
118: [       OK ] AVCHandlerTests.ReScanAVCUnits_CallsDiscovery (0 ms)
118: [----------] 1 test from AVCHandlerTests (0 ms total)
118: 
118: [----------] Global test environment tear-down
118: [==========] 1 test from 1 test suite ran. (0 ms total)
118: [  PASSED  ] 1 test.
118/122 Test #118: AVCHandlerTests.ReScanAVCUnits_CallsDiscovery ...................................   Passed    0.01 sec
test 119
        Start 119: AVCCapabilitiesSerializerTests.Serialization_SimpleFormat_CreatesSignalBlock

119: Test command: /Users/mrmidi/DEV/FirWireDriver/ASFW/build/tests_build/AVCCapabilitiesSerializerTests "--gtest_filter=AVCCapabilitiesSerializerTests.Serialization_SimpleFormat_CreatesSignalBlock" "--gtest_also_run_disabled_tests"
119: Working Directory: /Users/mrmidi/DEV/FirWireDriver/ASFW/build/tests_build
119: Test timeout computed to be: 10000000
119: Running main() from /private/tmp/googletest-20250808-4780-aa0gxy/googletest-1.17.0/googletest/src/gtest_main.cc
119: Note: Google Test filter = AVCCapabilitiesSerializerTests.Serialization_SimpleFormat_CreatesSignalBlock
119: [==========] Running 1 test from 1 test suite.
119: [----------] Global test environment set-up.
119: [----------] 1 test from AVCCapabilitiesSerializerTests
119: [ RUN      ] AVCCapabilitiesSerializerTests.Serialization_SimpleFormat_CreatesSignalBlock
119: [       OK ] AVCCapabilitiesSerializerTests.Serialization_SimpleFormat_CreatesSignalBlock (0 ms)
119: [----------] 1 test from AVCCapabilitiesSerializerTests (0 ms total)
119: 
119: [----------] Global test environment tear-down
119: [==========] 1 test from 1 test suite ran. (0 ms total)
119: [  PASSED  ] 1 test.
119/122 Test #119: AVCCapabilitiesSerializerTests.Serialization_SimpleFormat_CreatesSignalBlock ....   Passed    0.01 sec
test 120
        Start 120: AVCCapabilitiesSerializerTests.Serialization_PlugType

120: Test command: /Users/mrmidi/DEV/FirWireDriver/ASFW/build/tests_build/AVCCapabilitiesSerializerTests "--gtest_filter=AVCCapabilitiesSerializerTests.Serialization_PlugType" "--gtest_also_run_disabled_tests"
120: Working Directory: /Users/mrmidi/DEV/FirWireDriver/ASFW/build/tests_build
120: Test timeout computed to be: 10000000
120: Running main() from /private/tmp/googletest-20250808-4780-aa0gxy/googletest-1.17.0/googletest/src/gtest_main.cc
120: Note: Google Test filter = AVCCapabilitiesSerializerTests.Serialization_PlugType
120: [==========] Running 1 test from 1 test suite.
120: [----------] Global test environment set-up.
120: [----------] 1 test from AVCCapabilitiesSerializerTests
120: [ RUN      ] AVCCapabilitiesSerializerTests.Serialization_PlugType
120: [       OK ] AVCCapabilitiesSerializerTests.Serialization_PlugType (0 ms)
120: [----------] 1 test from AVCCapabilitiesSerializerTests (0 ms total)
120: 
120: [----------] Global test environment tear-down
120: [==========] 1 test from 1 test suite ran. (0 ms total)
120: [  PASSED  ] 1 test.
120/122 Test #120: AVCCapabilitiesSerializerTests.Serialization_PlugType ...........................   Passed    0.01 sec
test 121
        Start 121: AVCCapabilitiesSerializerTests.Serialization_AggregatesGlobalRates

121: Test command: /Users/mrmidi/DEV/FirWireDriver/ASFW/build/tests_build/AVCCapabilitiesSerializerTests "--gtest_filter=AVCCapabilitiesSerializerTests.Serialization_AggregatesGlobalRates" "--gtest_also_run_disabled_tests"
121: Working Directory: /Users/mrmidi/DEV/FirWireDriver/ASFW/build/tests_build
121: Test timeout computed to be: 10000000
121: Running main() from /private/tmp/googletest-20250808-4780-aa0gxy/googletest-1.17.0/googletest/src/gtest_main.cc
121: Note: Google Test filter = AVCCapabilitiesSerializerTests.Serialization_AggregatesGlobalRates
121: [==========] Running 1 test from 1 test suite.
121: [----------] Global test environment set-up.
121: [----------] 1 test from AVCCapabilitiesSerializerTests
121: [ RUN      ] AVCCapabilitiesSerializerTests.Serialization_AggregatesGlobalRates
121: [       OK ] AVCCapabilitiesSerializerTests.Serialization_AggregatesGlobalRates (0 ms)
121: [----------] 1 test from AVCCapabilitiesSerializerTests (0 ms total)
121: 
121: [----------] Global test environment tear-down
121: [==========] 1 test from 1 test suite ran. (0 ms total)
121: [  PASSED  ] 1 test.
121/122 Test #121: AVCCapabilitiesSerializerTests.Serialization_AggregatesGlobalRates ..............   Passed    0.01 sec
test 122
        Start 122: AVCCapabilitiesSerializerTests.Serialization_CompoundFormat_UsesDefinedBlocks

122: Test command: /Users/mrmidi/DEV/FirWireDriver/ASFW/build/tests_build/AVCCapabilitiesSerializerTests "--gtest_filter=AVCCapabilitiesSerializerTests.Serialization_CompoundFormat_UsesDefinedBlocks" "--gtest_also_run_disabled_tests"
122: Working Directory: /Users/mrmidi/DEV/FirWireDriver/ASFW/build/tests_build
122: Test timeout computed to be: 10000000
122: Running main() from /private/tmp/googletest-20250808-4780-aa0gxy/googletest-1.17.0/googletest/src/gtest_main.cc
122: Note: Google Test filter = AVCCapabilitiesSerializerTests.Serialization_CompoundFormat_UsesDefinedBlocks
122: [==========] Running 1 test from 1 test suite.
122: [----------] Global test environment set-up.
122: [----------] 1 test from AVCCapabilitiesSerializerTests
122: [ RUN      ] AVCCapabilitiesSerializerTests.Serialization_CompoundFormat_UsesDefinedBlocks
122: [       OK ] AVCCapabilitiesSerializerTests.Serialization_CompoundFormat_UsesDefinedBlocks (0 ms)
122: [----------] 1 test from AVCCapabilitiesSerializerTests (0 ms total)
122: 
122: [----------] Global test environment tear-down
122: [==========] 1 test from 1 test suite ran. (0 ms total)
122: [  PASSED  ] 1 test.
122/122 Test #122: AVCCapabilitiesSerializerTests.Serialization_CompoundFormat_UsesDefinedBlocks ...   Passed    0.00 sec

98% tests passed, 3 tests failed out of 122

Total Test time (real) =   0.52 sec

The following tests FAILED:
	 20 - MusicSubunitIdentifierParserTests.ParseApogeeDescriptor (Failed)
	 21 - MusicSubunitIdentifierParserTests.ParseApogeeDescriptorWithPlugTypes (Failed)
	 65 - StreamFormatParserTests.ParsesSimpleAM824_6Byte_48kHz (Failed)
